2022-08-22 09:54:42,095 ERROR 29772 nodejs.unhandledExceptionError: read ECONNRESET
    at TCP.onStreamRead (node:internal/stream_base_commons:217:20)
    at TCP.callbackTrampoline (node:internal/async_hooks:130:17)
errno: -4077
code: "ECONNRESET"
syscall: "read"
name: "unhandledExceptionError"
pid: 29772
hostname: DESKTOP-I6I98Q9

2022-08-22 14:21:44,360 ERROR 29772 nodejs.unhandledExceptionError: read ECONNRESET
    at TCP.onStreamRead (node:internal/stream_base_commons:217:20)
    at TCP.callbackTrampoline (node:internal/async_hooks:130:17)
errno: -4077
code: "ECONNRESET"
syscall: "read"
name: "unhandledExceptionError"
pid: 29772
hostname: DESKTOP-I6I98Q9

2022-08-22 15:45:08,716 ERROR 29772 nodejs.unhandledExceptionError: read ECONNRESET
    at TCP.onStreamRead (node:internal/stream_base_commons:217:20)
    at TCP.callbackTrampoline (node:internal/async_hooks:130:17)
errno: -4077
code: "ECONNRESET"
syscall: "read"
name: "unhandledExceptionError"
pid: 29772
hostname: DESKTOP-I6I98Q9

2022-08-22 15:45:14,542 ERROR 15736 [-/10.86.9.149/-/11ms POST /cyclone/v1/get/remainUseTime] nodejs.TypeError: this.CycMobileLicenseDAO.selectByAppLicese is not a function
    at AppLicenseService.getRemainUseTime (D:\其他电脑\code\mylogin-nopack\app\service\appLicense.js:83:48)
    at AppLicenseController.getRemainUseTime (D:\其他电脑\code\mylogin-nopack\app\controller\appLicense.js:82:46)
    at Object.callFn (D:\其他电脑\code\mylogin-nopack\node_modules\egg-core\lib\utils\index.js:44:21)
    at Object.classControllerMiddleware (D:\其他电脑\code\mylogin-nopack\node_modules\egg-core\lib\loader\mixin\controller.js:87:20)
    at Object.callFn (D:\其他电脑\code\mylogin-nopack\node_modules\@eggjs\router\lib\utils.js:12:21)
    at wrappedController (D:\其他电脑\code\mylogin-nopack\node_modules\@eggjs\router\lib\egg_router.js:322:18)
    at dispatch (D:\其他电脑\code\mylogin-nopack\node_modules\koa-compose\index.js:44:32)
    at next (D:\其他电脑\code\mylogin-nopack\node_modules\koa-compose\index.js:45:18)
    at D:\其他电脑\code\mylogin-nopack\node_modules\@eggjs\router\lib\router.js:186:18
    at dispatch (D:\其他电脑\code\mylogin-nopack\node_modules\koa-compose\index.js:44:32)
headers: {"Access-Control-Allow-Origin":"*","vary":"Origin"}
pid: 15736
hostname: DESKTOP-I6I98Q9

2022-08-22 15:45:32,141 ERROR 15736 [-/10.86.5.57/-/2ms POST /cyclone/v1/get/remainUseTime] nodejs.TypeError: this.CycMobileLicenseDAO.selectByAppLicese is not a function
    at AppLicenseService.getRemainUseTime (D:\其他电脑\code\mylogin-nopack\app\service\appLicense.js:83:48)
    at AppLicenseController.getRemainUseTime (D:\其他电脑\code\mylogin-nopack\app\controller\appLicense.js:82:46)
    at Object.callFn (D:\其他电脑\code\mylogin-nopack\node_modules\egg-core\lib\utils\index.js:44:21)
    at Object.classControllerMiddleware (D:\其他电脑\code\mylogin-nopack\node_modules\egg-core\lib\loader\mixin\controller.js:87:20)
    at Object.callFn (D:\其他电脑\code\mylogin-nopack\node_modules\@eggjs\router\lib\utils.js:12:21)
    at wrappedController (D:\其他电脑\code\mylogin-nopack\node_modules\@eggjs\router\lib\egg_router.js:322:18)
    at dispatch (D:\其他电脑\code\mylogin-nopack\node_modules\koa-compose\index.js:44:32)
    at next (D:\其他电脑\code\mylogin-nopack\node_modules\koa-compose\index.js:45:18)
    at D:\其他电脑\code\mylogin-nopack\node_modules\@eggjs\router\lib\router.js:186:18
    at dispatch (D:\其他电脑\code\mylogin-nopack\node_modules\koa-compose\index.js:44:32)

pid: 15736
hostname: DESKTOP-I6I98Q9

2022-08-22 15:45:32,183 ERROR 15736 [-/10.86.5.57/-/1ms POST /cyclone/v1/get/remainUseTime] nodejs.TypeError: this.CycMobileLicenseDAO.selectByAppLicese is not a function
    at AppLicenseService.getRemainUseTime (D:\其他电脑\code\mylogin-nopack\app\service\appLicense.js:83:48)
    at AppLicenseController.getRemainUseTime (D:\其他电脑\code\mylogin-nopack\app\controller\appLicense.js:82:46)
    at Object.callFn (D:\其他电脑\code\mylogin-nopack\node_modules\egg-core\lib\utils\index.js:44:21)
    at Object.classControllerMiddleware (D:\其他电脑\code\mylogin-nopack\node_modules\egg-core\lib\loader\mixin\controller.js:87:20)
    at Object.callFn (D:\其他电脑\code\mylogin-nopack\node_modules\@eggjs\router\lib\utils.js:12:21)
    at wrappedController (D:\其他电脑\code\mylogin-nopack\node_modules\@eggjs\router\lib\egg_router.js:322:18)
    at dispatch (D:\其他电脑\code\mylogin-nopack\node_modules\koa-compose\index.js:44:32)
    at next (D:\其他电脑\code\mylogin-nopack\node_modules\koa-compose\index.js:45:18)
    at D:\其他电脑\code\mylogin-nopack\node_modules\@eggjs\router\lib\router.js:186:18
    at dispatch (D:\其他电脑\code\mylogin-nopack\node_modules\koa-compose\index.js:44:32)

pid: 15736
hostname: DESKTOP-I6I98Q9

2022-08-22 15:45:32,205 ERROR 15736 [-/10.86.5.57/-/2ms POST /cyclone/v1/get/remainUseTime] nodejs.TypeError: this.CycMobileLicenseDAO.selectByAppLicese is not a function
    at AppLicenseService.getRemainUseTime (D:\其他电脑\code\mylogin-nopack\app\service\appLicense.js:83:48)
    at AppLicenseController.getRemainUseTime (D:\其他电脑\code\mylogin-nopack\app\controller\appLicense.js:82:46)
    at Object.callFn (D:\其他电脑\code\mylogin-nopack\node_modules\egg-core\lib\utils\index.js:44:21)
    at Object.classControllerMiddleware (D:\其他电脑\code\mylogin-nopack\node_modules\egg-core\lib\loader\mixin\controller.js:87:20)
    at Object.callFn (D:\其他电脑\code\mylogin-nopack\node_modules\@eggjs\router\lib\utils.js:12:21)
    at wrappedController (D:\其他电脑\code\mylogin-nopack\node_modules\@eggjs\router\lib\egg_router.js:322:18)
    at dispatch (D:\其他电脑\code\mylogin-nopack\node_modules\koa-compose\index.js:44:32)
    at next (D:\其他电脑\code\mylogin-nopack\node_modules\koa-compose\index.js:45:18)
    at D:\其他电脑\code\mylogin-nopack\node_modules\@eggjs\router\lib\router.js:186:18
    at dispatch (D:\其他电脑\code\mylogin-nopack\node_modules\koa-compose\index.js:44:32)

pid: 15736
hostname: DESKTOP-I6I98Q9

2022-08-22 15:45:32,227 ERROR 15736 [-/10.86.5.57/-/2ms POST /cyclone/v1/get/remainUseTime] nodejs.TypeError: this.CycMobileLicenseDAO.selectByAppLicese is not a function
    at AppLicenseService.getRemainUseTime (D:\其他电脑\code\mylogin-nopack\app\service\appLicense.js:83:48)
    at AppLicenseController.getRemainUseTime (D:\其他电脑\code\mylogin-nopack\app\controller\appLicense.js:82:46)
    at Object.callFn (D:\其他电脑\code\mylogin-nopack\node_modules\egg-core\lib\utils\index.js:44:21)
    at Object.classControllerMiddleware (D:\其他电脑\code\mylogin-nopack\node_modules\egg-core\lib\loader\mixin\controller.js:87:20)
    at Object.callFn (D:\其他电脑\code\mylogin-nopack\node_modules\@eggjs\router\lib\utils.js:12:21)
    at wrappedController (D:\其他电脑\code\mylogin-nopack\node_modules\@eggjs\router\lib\egg_router.js:322:18)
    at dispatch (D:\其他电脑\code\mylogin-nopack\node_modules\koa-compose\index.js:44:32)
    at next (D:\其他电脑\code\mylogin-nopack\node_modules\koa-compose\index.js:45:18)
    at D:\其他电脑\code\mylogin-nopack\node_modules\@eggjs\router\lib\router.js:186:18
    at dispatch (D:\其他电脑\code\mylogin-nopack\node_modules\koa-compose\index.js:44:32)

pid: 15736
hostname: DESKTOP-I6I98Q9

2022-08-22 15:45:40,274 ERROR 15736 [-/10.86.5.57/-/1ms POST /cyclone/v1/get/remainUseTime] nodejs.TypeError: this.CycMobileLicenseDAO.selectByAppLicese is not a function
    at AppLicenseService.getRemainUseTime (D:\其他电脑\code\mylogin-nopack\app\service\appLicense.js:83:48)
    at AppLicenseController.getRemainUseTime (D:\其他电脑\code\mylogin-nopack\app\controller\appLicense.js:82:46)
    at Object.callFn (D:\其他电脑\code\mylogin-nopack\node_modules\egg-core\lib\utils\index.js:44:21)
    at Object.classControllerMiddleware (D:\其他电脑\code\mylogin-nopack\node_modules\egg-core\lib\loader\mixin\controller.js:87:20)
    at Object.callFn (D:\其他电脑\code\mylogin-nopack\node_modules\@eggjs\router\lib\utils.js:12:21)
    at wrappedController (D:\其他电脑\code\mylogin-nopack\node_modules\@eggjs\router\lib\egg_router.js:322:18)
    at dispatch (D:\其他电脑\code\mylogin-nopack\node_modules\koa-compose\index.js:44:32)
    at next (D:\其他电脑\code\mylogin-nopack\node_modules\koa-compose\index.js:45:18)
    at D:\其他电脑\code\mylogin-nopack\node_modules\@eggjs\router\lib\router.js:186:18
    at dispatch (D:\其他电脑\code\mylogin-nopack\node_modules\koa-compose\index.js:44:32)

pid: 15736
hostname: DESKTOP-I6I98Q9

2022-08-22 15:45:40,291 ERROR 15736 [-/10.86.5.57/-/1ms POST /cyclone/v1/get/remainUseTime] nodejs.TypeError: this.CycMobileLicenseDAO.selectByAppLicese is not a function
    at AppLicenseService.getRemainUseTime (D:\其他电脑\code\mylogin-nopack\app\service\appLicense.js:83:48)
    at AppLicenseController.getRemainUseTime (D:\其他电脑\code\mylogin-nopack\app\controller\appLicense.js:82:46)
    at Object.callFn (D:\其他电脑\code\mylogin-nopack\node_modules\egg-core\lib\utils\index.js:44:21)
    at Object.classControllerMiddleware (D:\其他电脑\code\mylogin-nopack\node_modules\egg-core\lib\loader\mixin\controller.js:87:20)
    at Object.callFn (D:\其他电脑\code\mylogin-nopack\node_modules\@eggjs\router\lib\utils.js:12:21)
    at wrappedController (D:\其他电脑\code\mylogin-nopack\node_modules\@eggjs\router\lib\egg_router.js:322:18)
    at dispatch (D:\其他电脑\code\mylogin-nopack\node_modules\koa-compose\index.js:44:32)
    at next (D:\其他电脑\code\mylogin-nopack\node_modules\koa-compose\index.js:45:18)
    at D:\其他电脑\code\mylogin-nopack\node_modules\@eggjs\router\lib\router.js:186:18
    at dispatch (D:\其他电脑\code\mylogin-nopack\node_modules\koa-compose\index.js:44:32)

pid: 15736
hostname: DESKTOP-I6I98Q9

2022-08-22 15:45:40,313 ERROR 15736 [-/10.86.5.57/-/2ms POST /cyclone/v1/get/remainUseTime] nodejs.TypeError: this.CycMobileLicenseDAO.selectByAppLicese is not a function
    at AppLicenseService.getRemainUseTime (D:\其他电脑\code\mylogin-nopack\app\service\appLicense.js:83:48)
    at AppLicenseController.getRemainUseTime (D:\其他电脑\code\mylogin-nopack\app\controller\appLicense.js:82:46)
    at Object.callFn (D:\其他电脑\code\mylogin-nopack\node_modules\egg-core\lib\utils\index.js:44:21)
    at Object.classControllerMiddleware (D:\其他电脑\code\mylogin-nopack\node_modules\egg-core\lib\loader\mixin\controller.js:87:20)
    at Object.callFn (D:\其他电脑\code\mylogin-nopack\node_modules\@eggjs\router\lib\utils.js:12:21)
    at wrappedController (D:\其他电脑\code\mylogin-nopack\node_modules\@eggjs\router\lib\egg_router.js:322:18)
    at dispatch (D:\其他电脑\code\mylogin-nopack\node_modules\koa-compose\index.js:44:32)
    at next (D:\其他电脑\code\mylogin-nopack\node_modules\koa-compose\index.js:45:18)
    at D:\其他电脑\code\mylogin-nopack\node_modules\@eggjs\router\lib\router.js:186:18
    at dispatch (D:\其他电脑\code\mylogin-nopack\node_modules\koa-compose\index.js:44:32)

pid: 15736
hostname: DESKTOP-I6I98Q9

2022-08-22 15:45:40,335 ERROR 15736 [-/10.86.5.57/-/2ms POST /cyclone/v1/get/remainUseTime] nodejs.TypeError: this.CycMobileLicenseDAO.selectByAppLicese is not a function
    at AppLicenseService.getRemainUseTime (D:\其他电脑\code\mylogin-nopack\app\service\appLicense.js:83:48)
    at AppLicenseController.getRemainUseTime (D:\其他电脑\code\mylogin-nopack\app\controller\appLicense.js:82:46)
    at Object.callFn (D:\其他电脑\code\mylogin-nopack\node_modules\egg-core\lib\utils\index.js:44:21)
    at Object.classControllerMiddleware (D:\其他电脑\code\mylogin-nopack\node_modules\egg-core\lib\loader\mixin\controller.js:87:20)
    at Object.callFn (D:\其他电脑\code\mylogin-nopack\node_modules\@eggjs\router\lib\utils.js:12:21)
    at wrappedController (D:\其他电脑\code\mylogin-nopack\node_modules\@eggjs\router\lib\egg_router.js:322:18)
    at dispatch (D:\其他电脑\code\mylogin-nopack\node_modules\koa-compose\index.js:44:32)
    at next (D:\其他电脑\code\mylogin-nopack\node_modules\koa-compose\index.js:45:18)
    at D:\其他电脑\code\mylogin-nopack\node_modules\@eggjs\router\lib\router.js:186:18
    at dispatch (D:\其他电脑\code\mylogin-nopack\node_modules\koa-compose\index.js:44:32)

pid: 15736
hostname: DESKTOP-I6I98Q9

2022-08-22 15:47:37,183 ERROR 15736 [-/10.86.5.57/-/4ms POST /cyclone/v1/get/remainUseTime] nodejs.TypeError: this.CycMobileLicenseDAO.selectByAppLicese is not a function
    at AppLicenseService.getRemainUseTime (D:\其他电脑\code\mylogin-nopack\app\service\appLicense.js:83:48)
    at AppLicenseController.getRemainUseTime (D:\其他电脑\code\mylogin-nopack\app\controller\appLicense.js:82:46)
    at Object.callFn (D:\其他电脑\code\mylogin-nopack\node_modules\egg-core\lib\utils\index.js:44:21)
    at Object.classControllerMiddleware (D:\其他电脑\code\mylogin-nopack\node_modules\egg-core\lib\loader\mixin\controller.js:87:20)
    at Object.callFn (D:\其他电脑\code\mylogin-nopack\node_modules\@eggjs\router\lib\utils.js:12:21)
    at wrappedController (D:\其他电脑\code\mylogin-nopack\node_modules\@eggjs\router\lib\egg_router.js:322:18)
    at dispatch (D:\其他电脑\code\mylogin-nopack\node_modules\koa-compose\index.js:44:32)
    at next (D:\其他电脑\code\mylogin-nopack\node_modules\koa-compose\index.js:45:18)
    at D:\其他电脑\code\mylogin-nopack\node_modules\@eggjs\router\lib\router.js:186:18
    at dispatch (D:\其他电脑\code\mylogin-nopack\node_modules\koa-compose\index.js:44:32)

pid: 15736
hostname: DESKTOP-I6I98Q9

2022-08-22 15:47:37,211 ERROR 15736 [-/10.86.5.57/-/2ms POST /cyclone/v1/get/remainUseTime] nodejs.TypeError: this.CycMobileLicenseDAO.selectByAppLicese is not a function
    at AppLicenseService.getRemainUseTime (D:\其他电脑\code\mylogin-nopack\app\service\appLicense.js:83:48)
    at AppLicenseController.getRemainUseTime (D:\其他电脑\code\mylogin-nopack\app\controller\appLicense.js:82:46)
    at Object.callFn (D:\其他电脑\code\mylogin-nopack\node_modules\egg-core\lib\utils\index.js:44:21)
    at Object.classControllerMiddleware (D:\其他电脑\code\mylogin-nopack\node_modules\egg-core\lib\loader\mixin\controller.js:87:20)
    at Object.callFn (D:\其他电脑\code\mylogin-nopack\node_modules\@eggjs\router\lib\utils.js:12:21)
    at wrappedController (D:\其他电脑\code\mylogin-nopack\node_modules\@eggjs\router\lib\egg_router.js:322:18)
    at dispatch (D:\其他电脑\code\mylogin-nopack\node_modules\koa-compose\index.js:44:32)
    at next (D:\其他电脑\code\mylogin-nopack\node_modules\koa-compose\index.js:45:18)
    at D:\其他电脑\code\mylogin-nopack\node_modules\@eggjs\router\lib\router.js:186:18
    at dispatch (D:\其他电脑\code\mylogin-nopack\node_modules\koa-compose\index.js:44:32)

pid: 15736
hostname: DESKTOP-I6I98Q9

2022-08-22 15:47:37,233 ERROR 15736 [-/10.86.5.57/-/2ms POST /cyclone/v1/get/remainUseTime] nodejs.TypeError: this.CycMobileLicenseDAO.selectByAppLicese is not a function
    at AppLicenseService.getRemainUseTime (D:\其他电脑\code\mylogin-nopack\app\service\appLicense.js:83:48)
    at AppLicenseController.getRemainUseTime (D:\其他电脑\code\mylogin-nopack\app\controller\appLicense.js:82:46)
    at Object.callFn (D:\其他电脑\code\mylogin-nopack\node_modules\egg-core\lib\utils\index.js:44:21)
    at Object.classControllerMiddleware (D:\其他电脑\code\mylogin-nopack\node_modules\egg-core\lib\loader\mixin\controller.js:87:20)
    at Object.callFn (D:\其他电脑\code\mylogin-nopack\node_modules\@eggjs\router\lib\utils.js:12:21)
    at wrappedController (D:\其他电脑\code\mylogin-nopack\node_modules\@eggjs\router\lib\egg_router.js:322:18)
    at dispatch (D:\其他电脑\code\mylogin-nopack\node_modules\koa-compose\index.js:44:32)
    at next (D:\其他电脑\code\mylogin-nopack\node_modules\koa-compose\index.js:45:18)
    at D:\其他电脑\code\mylogin-nopack\node_modules\@eggjs\router\lib\router.js:186:18
    at dispatch (D:\其他电脑\code\mylogin-nopack\node_modules\koa-compose\index.js:44:32)

pid: 15736
hostname: DESKTOP-I6I98Q9

2022-08-22 15:47:37,257 ERROR 15736 [-/10.86.5.57/-/1ms POST /cyclone/v1/get/remainUseTime] nodejs.TypeError: this.CycMobileLicenseDAO.selectByAppLicese is not a function
    at AppLicenseService.getRemainUseTime (D:\其他电脑\code\mylogin-nopack\app\service\appLicense.js:83:48)
    at AppLicenseController.getRemainUseTime (D:\其他电脑\code\mylogin-nopack\app\controller\appLicense.js:82:46)
    at Object.callFn (D:\其他电脑\code\mylogin-nopack\node_modules\egg-core\lib\utils\index.js:44:21)
    at Object.classControllerMiddleware (D:\其他电脑\code\mylogin-nopack\node_modules\egg-core\lib\loader\mixin\controller.js:87:20)
    at Object.callFn (D:\其他电脑\code\mylogin-nopack\node_modules\@eggjs\router\lib\utils.js:12:21)
    at wrappedController (D:\其他电脑\code\mylogin-nopack\node_modules\@eggjs\router\lib\egg_router.js:322:18)
    at dispatch (D:\其他电脑\code\mylogin-nopack\node_modules\koa-compose\index.js:44:32)
    at next (D:\其他电脑\code\mylogin-nopack\node_modules\koa-compose\index.js:45:18)
    at D:\其他电脑\code\mylogin-nopack\node_modules\@eggjs\router\lib\router.js:186:18
    at dispatch (D:\其他电脑\code\mylogin-nopack\node_modules\koa-compose\index.js:44:32)

pid: 15736
hostname: DESKTOP-I6I98Q9

2022-08-22 15:47:50,267 ERROR 15736 [-/10.86.5.57/-/2ms POST /cyclone/v1/get/remainUseTime] nodejs.TypeError: this.CycMobileLicenseDAO.selectByAppLicese is not a function
    at AppLicenseService.getRemainUseTime (D:\其他电脑\code\mylogin-nopack\app\service\appLicense.js:83:48)
    at AppLicenseController.getRemainUseTime (D:\其他电脑\code\mylogin-nopack\app\controller\appLicense.js:82:46)
    at Object.callFn (D:\其他电脑\code\mylogin-nopack\node_modules\egg-core\lib\utils\index.js:44:21)
    at Object.classControllerMiddleware (D:\其他电脑\code\mylogin-nopack\node_modules\egg-core\lib\loader\mixin\controller.js:87:20)
    at Object.callFn (D:\其他电脑\code\mylogin-nopack\node_modules\@eggjs\router\lib\utils.js:12:21)
    at wrappedController (D:\其他电脑\code\mylogin-nopack\node_modules\@eggjs\router\lib\egg_router.js:322:18)
    at dispatch (D:\其他电脑\code\mylogin-nopack\node_modules\koa-compose\index.js:44:32)
    at next (D:\其他电脑\code\mylogin-nopack\node_modules\koa-compose\index.js:45:18)
    at D:\其他电脑\code\mylogin-nopack\node_modules\@eggjs\router\lib\router.js:186:18
    at dispatch (D:\其他电脑\code\mylogin-nopack\node_modules\koa-compose\index.js:44:32)

pid: 15736
hostname: DESKTOP-I6I98Q9

2022-08-22 15:47:50,286 ERROR 15736 [-/10.86.5.57/-/1ms POST /cyclone/v1/get/remainUseTime] nodejs.TypeError: this.CycMobileLicenseDAO.selectByAppLicese is not a function
    at AppLicenseService.getRemainUseTime (D:\其他电脑\code\mylogin-nopack\app\service\appLicense.js:83:48)
    at AppLicenseController.getRemainUseTime (D:\其他电脑\code\mylogin-nopack\app\controller\appLicense.js:82:46)
    at Object.callFn (D:\其他电脑\code\mylogin-nopack\node_modules\egg-core\lib\utils\index.js:44:21)
    at Object.classControllerMiddleware (D:\其他电脑\code\mylogin-nopack\node_modules\egg-core\lib\loader\mixin\controller.js:87:20)
    at Object.callFn (D:\其他电脑\code\mylogin-nopack\node_modules\@eggjs\router\lib\utils.js:12:21)
    at wrappedController (D:\其他电脑\code\mylogin-nopack\node_modules\@eggjs\router\lib\egg_router.js:322:18)
    at dispatch (D:\其他电脑\code\mylogin-nopack\node_modules\koa-compose\index.js:44:32)
    at next (D:\其他电脑\code\mylogin-nopack\node_modules\koa-compose\index.js:45:18)
    at D:\其他电脑\code\mylogin-nopack\node_modules\@eggjs\router\lib\router.js:186:18
    at dispatch (D:\其他电脑\code\mylogin-nopack\node_modules\koa-compose\index.js:44:32)

pid: 15736
hostname: DESKTOP-I6I98Q9

2022-08-22 15:47:50,409 ERROR 15736 [-/10.86.5.57/-/2ms POST /cyclone/v1/get/remainUseTime] nodejs.TypeError: this.CycMobileLicenseDAO.selectByAppLicese is not a function
    at AppLicenseService.getRemainUseTime (D:\其他电脑\code\mylogin-nopack\app\service\appLicense.js:83:48)
    at AppLicenseController.getRemainUseTime (D:\其他电脑\code\mylogin-nopack\app\controller\appLicense.js:82:46)
    at Object.callFn (D:\其他电脑\code\mylogin-nopack\node_modules\egg-core\lib\utils\index.js:44:21)
    at Object.classControllerMiddleware (D:\其他电脑\code\mylogin-nopack\node_modules\egg-core\lib\loader\mixin\controller.js:87:20)
    at Object.callFn (D:\其他电脑\code\mylogin-nopack\node_modules\@eggjs\router\lib\utils.js:12:21)
    at wrappedController (D:\其他电脑\code\mylogin-nopack\node_modules\@eggjs\router\lib\egg_router.js:322:18)
    at dispatch (D:\其他电脑\code\mylogin-nopack\node_modules\koa-compose\index.js:44:32)
    at next (D:\其他电脑\code\mylogin-nopack\node_modules\koa-compose\index.js:45:18)
    at D:\其他电脑\code\mylogin-nopack\node_modules\@eggjs\router\lib\router.js:186:18
    at dispatch (D:\其他电脑\code\mylogin-nopack\node_modules\koa-compose\index.js:44:32)

pid: 15736
hostname: DESKTOP-I6I98Q9

2022-08-22 15:47:50,431 ERROR 15736 [-/10.86.5.57/-/1ms POST /cyclone/v1/get/remainUseTime] nodejs.TypeError: this.CycMobileLicenseDAO.selectByAppLicese is not a function
    at AppLicenseService.getRemainUseTime (D:\其他电脑\code\mylogin-nopack\app\service\appLicense.js:83:48)
    at AppLicenseController.getRemainUseTime (D:\其他电脑\code\mylogin-nopack\app\controller\appLicense.js:82:46)
    at Object.callFn (D:\其他电脑\code\mylogin-nopack\node_modules\egg-core\lib\utils\index.js:44:21)
    at Object.classControllerMiddleware (D:\其他电脑\code\mylogin-nopack\node_modules\egg-core\lib\loader\mixin\controller.js:87:20)
    at Object.callFn (D:\其他电脑\code\mylogin-nopack\node_modules\@eggjs\router\lib\utils.js:12:21)
    at wrappedController (D:\其他电脑\code\mylogin-nopack\node_modules\@eggjs\router\lib\egg_router.js:322:18)
    at dispatch (D:\其他电脑\code\mylogin-nopack\node_modules\koa-compose\index.js:44:32)
    at next (D:\其他电脑\code\mylogin-nopack\node_modules\koa-compose\index.js:45:18)
    at D:\其他电脑\code\mylogin-nopack\node_modules\@eggjs\router\lib\router.js:186:18
    at dispatch (D:\其他电脑\code\mylogin-nopack\node_modules\koa-compose\index.js:44:32)

pid: 15736
hostname: DESKTOP-I6I98Q9

2022-08-22 15:49:35,332 ERROR 15736 [-/10.86.5.57/-/1ms POST /cyclone/v1/get/remainUseTime] nodejs.TypeError: this.CycMobileLicenseDAO.selectByAppLicese is not a function
    at AppLicenseService.getRemainUseTime (D:\其他电脑\code\mylogin-nopack\app\service\appLicense.js:83:48)
    at AppLicenseController.getRemainUseTime (D:\其他电脑\code\mylogin-nopack\app\controller\appLicense.js:82:46)
    at Object.callFn (D:\其他电脑\code\mylogin-nopack\node_modules\egg-core\lib\utils\index.js:44:21)
    at Object.classControllerMiddleware (D:\其他电脑\code\mylogin-nopack\node_modules\egg-core\lib\loader\mixin\controller.js:87:20)
    at Object.callFn (D:\其他电脑\code\mylogin-nopack\node_modules\@eggjs\router\lib\utils.js:12:21)
    at wrappedController (D:\其他电脑\code\mylogin-nopack\node_modules\@eggjs\router\lib\egg_router.js:322:18)
    at dispatch (D:\其他电脑\code\mylogin-nopack\node_modules\koa-compose\index.js:44:32)
    at next (D:\其他电脑\code\mylogin-nopack\node_modules\koa-compose\index.js:45:18)
    at D:\其他电脑\code\mylogin-nopack\node_modules\@eggjs\router\lib\router.js:186:18
    at dispatch (D:\其他电脑\code\mylogin-nopack\node_modules\koa-compose\index.js:44:32)

pid: 15736
hostname: DESKTOP-I6I98Q9

2022-08-22 15:49:35,356 ERROR 15736 [-/10.86.5.57/-/2ms POST /cyclone/v1/get/remainUseTime] nodejs.TypeError: this.CycMobileLicenseDAO.selectByAppLicese is not a function
    at AppLicenseService.getRemainUseTime (D:\其他电脑\code\mylogin-nopack\app\service\appLicense.js:83:48)
    at AppLicenseController.getRemainUseTime (D:\其他电脑\code\mylogin-nopack\app\controller\appLicense.js:82:46)
    at Object.callFn (D:\其他电脑\code\mylogin-nopack\node_modules\egg-core\lib\utils\index.js:44:21)
    at Object.classControllerMiddleware (D:\其他电脑\code\mylogin-nopack\node_modules\egg-core\lib\loader\mixin\controller.js:87:20)
    at Object.callFn (D:\其他电脑\code\mylogin-nopack\node_modules\@eggjs\router\lib\utils.js:12:21)
    at wrappedController (D:\其他电脑\code\mylogin-nopack\node_modules\@eggjs\router\lib\egg_router.js:322:18)
    at dispatch (D:\其他电脑\code\mylogin-nopack\node_modules\koa-compose\index.js:44:32)
    at next (D:\其他电脑\code\mylogin-nopack\node_modules\koa-compose\index.js:45:18)
    at D:\其他电脑\code\mylogin-nopack\node_modules\@eggjs\router\lib\router.js:186:18
    at dispatch (D:\其他电脑\code\mylogin-nopack\node_modules\koa-compose\index.js:44:32)

pid: 15736
hostname: DESKTOP-I6I98Q9

2022-08-22 15:49:35,377 ERROR 15736 [-/10.86.5.57/-/1ms POST /cyclone/v1/get/remainUseTime] nodejs.TypeError: this.CycMobileLicenseDAO.selectByAppLicese is not a function
    at AppLicenseService.getRemainUseTime (D:\其他电脑\code\mylogin-nopack\app\service\appLicense.js:83:48)
    at AppLicenseController.getRemainUseTime (D:\其他电脑\code\mylogin-nopack\app\controller\appLicense.js:82:46)
    at Object.callFn (D:\其他电脑\code\mylogin-nopack\node_modules\egg-core\lib\utils\index.js:44:21)
    at Object.classControllerMiddleware (D:\其他电脑\code\mylogin-nopack\node_modules\egg-core\lib\loader\mixin\controller.js:87:20)
    at Object.callFn (D:\其他电脑\code\mylogin-nopack\node_modules\@eggjs\router\lib\utils.js:12:21)
    at wrappedController (D:\其他电脑\code\mylogin-nopack\node_modules\@eggjs\router\lib\egg_router.js:322:18)
    at dispatch (D:\其他电脑\code\mylogin-nopack\node_modules\koa-compose\index.js:44:32)
    at next (D:\其他电脑\code\mylogin-nopack\node_modules\koa-compose\index.js:45:18)
    at D:\其他电脑\code\mylogin-nopack\node_modules\@eggjs\router\lib\router.js:186:18
    at dispatch (D:\其他电脑\code\mylogin-nopack\node_modules\koa-compose\index.js:44:32)

pid: 15736
hostname: DESKTOP-I6I98Q9

2022-08-22 15:49:35,404 ERROR 15736 [-/10.86.5.57/-/1ms POST /cyclone/v1/get/remainUseTime] nodejs.TypeError: this.CycMobileLicenseDAO.selectByAppLicese is not a function
    at AppLicenseService.getRemainUseTime (D:\其他电脑\code\mylogin-nopack\app\service\appLicense.js:83:48)
    at AppLicenseController.getRemainUseTime (D:\其他电脑\code\mylogin-nopack\app\controller\appLicense.js:82:46)
    at Object.callFn (D:\其他电脑\code\mylogin-nopack\node_modules\egg-core\lib\utils\index.js:44:21)
    at Object.classControllerMiddleware (D:\其他电脑\code\mylogin-nopack\node_modules\egg-core\lib\loader\mixin\controller.js:87:20)
    at Object.callFn (D:\其他电脑\code\mylogin-nopack\node_modules\@eggjs\router\lib\utils.js:12:21)
    at wrappedController (D:\其他电脑\code\mylogin-nopack\node_modules\@eggjs\router\lib\egg_router.js:322:18)
    at dispatch (D:\其他电脑\code\mylogin-nopack\node_modules\koa-compose\index.js:44:32)
    at next (D:\其他电脑\code\mylogin-nopack\node_modules\koa-compose\index.js:45:18)
    at D:\其他电脑\code\mylogin-nopack\node_modules\@eggjs\router\lib\router.js:186:18
    at dispatch (D:\其他电脑\code\mylogin-nopack\node_modules\koa-compose\index.js:44:32)

pid: 15736
hostname: DESKTOP-I6I98Q9

2022-08-22 15:49:37,068 ERROR 15736 [-/10.86.5.57/-/1ms POST /cyclone/v1/get/remainUseTime] nodejs.TypeError: this.CycMobileLicenseDAO.selectByAppLicese is not a function
    at AppLicenseService.getRemainUseTime (D:\其他电脑\code\mylogin-nopack\app\service\appLicense.js:83:48)
    at AppLicenseController.getRemainUseTime (D:\其他电脑\code\mylogin-nopack\app\controller\appLicense.js:82:46)
    at Object.callFn (D:\其他电脑\code\mylogin-nopack\node_modules\egg-core\lib\utils\index.js:44:21)
    at Object.classControllerMiddleware (D:\其他电脑\code\mylogin-nopack\node_modules\egg-core\lib\loader\mixin\controller.js:87:20)
    at Object.callFn (D:\其他电脑\code\mylogin-nopack\node_modules\@eggjs\router\lib\utils.js:12:21)
    at wrappedController (D:\其他电脑\code\mylogin-nopack\node_modules\@eggjs\router\lib\egg_router.js:322:18)
    at dispatch (D:\其他电脑\code\mylogin-nopack\node_modules\koa-compose\index.js:44:32)
    at next (D:\其他电脑\code\mylogin-nopack\node_modules\koa-compose\index.js:45:18)
    at D:\其他电脑\code\mylogin-nopack\node_modules\@eggjs\router\lib\router.js:186:18
    at dispatch (D:\其他电脑\code\mylogin-nopack\node_modules\koa-compose\index.js:44:32)

pid: 15736
hostname: DESKTOP-I6I98Q9

2022-08-22 15:49:37,089 ERROR 15736 [-/10.86.5.57/-/1ms POST /cyclone/v1/get/remainUseTime] nodejs.TypeError: this.CycMobileLicenseDAO.selectByAppLicese is not a function
    at AppLicenseService.getRemainUseTime (D:\其他电脑\code\mylogin-nopack\app\service\appLicense.js:83:48)
    at AppLicenseController.getRemainUseTime (D:\其他电脑\code\mylogin-nopack\app\controller\appLicense.js:82:46)
    at Object.callFn (D:\其他电脑\code\mylogin-nopack\node_modules\egg-core\lib\utils\index.js:44:21)
    at Object.classControllerMiddleware (D:\其他电脑\code\mylogin-nopack\node_modules\egg-core\lib\loader\mixin\controller.js:87:20)
    at Object.callFn (D:\其他电脑\code\mylogin-nopack\node_modules\@eggjs\router\lib\utils.js:12:21)
    at wrappedController (D:\其他电脑\code\mylogin-nopack\node_modules\@eggjs\router\lib\egg_router.js:322:18)
    at dispatch (D:\其他电脑\code\mylogin-nopack\node_modules\koa-compose\index.js:44:32)
    at next (D:\其他电脑\code\mylogin-nopack\node_modules\koa-compose\index.js:45:18)
    at D:\其他电脑\code\mylogin-nopack\node_modules\@eggjs\router\lib\router.js:186:18
    at dispatch (D:\其他电脑\code\mylogin-nopack\node_modules\koa-compose\index.js:44:32)

pid: 15736
hostname: DESKTOP-I6I98Q9

2022-08-22 15:49:37,108 ERROR 15736 [-/10.86.5.57/-/1ms POST /cyclone/v1/get/remainUseTime] nodejs.TypeError: this.CycMobileLicenseDAO.selectByAppLicese is not a function
    at AppLicenseService.getRemainUseTime (D:\其他电脑\code\mylogin-nopack\app\service\appLicense.js:83:48)
    at AppLicenseController.getRemainUseTime (D:\其他电脑\code\mylogin-nopack\app\controller\appLicense.js:82:46)
    at Object.callFn (D:\其他电脑\code\mylogin-nopack\node_modules\egg-core\lib\utils\index.js:44:21)
    at Object.classControllerMiddleware (D:\其他电脑\code\mylogin-nopack\node_modules\egg-core\lib\loader\mixin\controller.js:87:20)
    at Object.callFn (D:\其他电脑\code\mylogin-nopack\node_modules\@eggjs\router\lib\utils.js:12:21)
    at wrappedController (D:\其他电脑\code\mylogin-nopack\node_modules\@eggjs\router\lib\egg_router.js:322:18)
    at dispatch (D:\其他电脑\code\mylogin-nopack\node_modules\koa-compose\index.js:44:32)
    at next (D:\其他电脑\code\mylogin-nopack\node_modules\koa-compose\index.js:45:18)
    at D:\其他电脑\code\mylogin-nopack\node_modules\@eggjs\router\lib\router.js:186:18
    at dispatch (D:\其他电脑\code\mylogin-nopack\node_modules\koa-compose\index.js:44:32)

pid: 15736
hostname: DESKTOP-I6I98Q9

2022-08-22 15:49:37,127 ERROR 15736 [-/10.86.5.57/-/1ms POST /cyclone/v1/get/remainUseTime] nodejs.TypeError: this.CycMobileLicenseDAO.selectByAppLicese is not a function
    at AppLicenseService.getRemainUseTime (D:\其他电脑\code\mylogin-nopack\app\service\appLicense.js:83:48)
    at AppLicenseController.getRemainUseTime (D:\其他电脑\code\mylogin-nopack\app\controller\appLicense.js:82:46)
    at Object.callFn (D:\其他电脑\code\mylogin-nopack\node_modules\egg-core\lib\utils\index.js:44:21)
    at Object.classControllerMiddleware (D:\其他电脑\code\mylogin-nopack\node_modules\egg-core\lib\loader\mixin\controller.js:87:20)
    at Object.callFn (D:\其他电脑\code\mylogin-nopack\node_modules\@eggjs\router\lib\utils.js:12:21)
    at wrappedController (D:\其他电脑\code\mylogin-nopack\node_modules\@eggjs\router\lib\egg_router.js:322:18)
    at dispatch (D:\其他电脑\code\mylogin-nopack\node_modules\koa-compose\index.js:44:32)
    at next (D:\其他电脑\code\mylogin-nopack\node_modules\koa-compose\index.js:45:18)
    at D:\其他电脑\code\mylogin-nopack\node_modules\@eggjs\router\lib\router.js:186:18
    at dispatch (D:\其他电脑\code\mylogin-nopack\node_modules\koa-compose\index.js:44:32)

pid: 15736
hostname: DESKTOP-I6I98Q9

2022-08-22 15:50:30,433 ERROR 15736 [-/10.86.5.57/-/4ms POST /cyclone/v1/get/remainUseTime] nodejs.TypeError: this.CycMobileLicenseDAO.selectByAppLicese is not a function
    at AppLicenseService.getRemainUseTime (D:\其他电脑\code\mylogin-nopack\app\service\appLicense.js:83:48)
    at AppLicenseController.getRemainUseTime (D:\其他电脑\code\mylogin-nopack\app\controller\appLicense.js:82:46)
    at Object.callFn (D:\其他电脑\code\mylogin-nopack\node_modules\egg-core\lib\utils\index.js:44:21)
    at Object.classControllerMiddleware (D:\其他电脑\code\mylogin-nopack\node_modules\egg-core\lib\loader\mixin\controller.js:87:20)
    at Object.callFn (D:\其他电脑\code\mylogin-nopack\node_modules\@eggjs\router\lib\utils.js:12:21)
    at wrappedController (D:\其他电脑\code\mylogin-nopack\node_modules\@eggjs\router\lib\egg_router.js:322:18)
    at dispatch (D:\其他电脑\code\mylogin-nopack\node_modules\koa-compose\index.js:44:32)
    at next (D:\其他电脑\code\mylogin-nopack\node_modules\koa-compose\index.js:45:18)
    at D:\其他电脑\code\mylogin-nopack\node_modules\@eggjs\router\lib\router.js:186:18
    at dispatch (D:\其他电脑\code\mylogin-nopack\node_modules\koa-compose\index.js:44:32)

pid: 15736
hostname: DESKTOP-I6I98Q9

2022-08-22 15:50:30,456 ERROR 15736 [-/10.86.5.57/-/2ms POST /cyclone/v1/get/remainUseTime] nodejs.TypeError: this.CycMobileLicenseDAO.selectByAppLicese is not a function
    at AppLicenseService.getRemainUseTime (D:\其他电脑\code\mylogin-nopack\app\service\appLicense.js:83:48)
    at AppLicenseController.getRemainUseTime (D:\其他电脑\code\mylogin-nopack\app\controller\appLicense.js:82:46)
    at Object.callFn (D:\其他电脑\code\mylogin-nopack\node_modules\egg-core\lib\utils\index.js:44:21)
    at Object.classControllerMiddleware (D:\其他电脑\code\mylogin-nopack\node_modules\egg-core\lib\loader\mixin\controller.js:87:20)
    at Object.callFn (D:\其他电脑\code\mylogin-nopack\node_modules\@eggjs\router\lib\utils.js:12:21)
    at wrappedController (D:\其他电脑\code\mylogin-nopack\node_modules\@eggjs\router\lib\egg_router.js:322:18)
    at dispatch (D:\其他电脑\code\mylogin-nopack\node_modules\koa-compose\index.js:44:32)
    at next (D:\其他电脑\code\mylogin-nopack\node_modules\koa-compose\index.js:45:18)
    at D:\其他电脑\code\mylogin-nopack\node_modules\@eggjs\router\lib\router.js:186:18
    at dispatch (D:\其他电脑\code\mylogin-nopack\node_modules\koa-compose\index.js:44:32)

pid: 15736
hostname: DESKTOP-I6I98Q9

2022-08-22 15:50:30,478 ERROR 15736 [-/10.86.5.57/-/1ms POST /cyclone/v1/get/remainUseTime] nodejs.TypeError: this.CycMobileLicenseDAO.selectByAppLicese is not a function
    at AppLicenseService.getRemainUseTime (D:\其他电脑\code\mylogin-nopack\app\service\appLicense.js:83:48)
    at AppLicenseController.getRemainUseTime (D:\其他电脑\code\mylogin-nopack\app\controller\appLicense.js:82:46)
    at Object.callFn (D:\其他电脑\code\mylogin-nopack\node_modules\egg-core\lib\utils\index.js:44:21)
    at Object.classControllerMiddleware (D:\其他电脑\code\mylogin-nopack\node_modules\egg-core\lib\loader\mixin\controller.js:87:20)
    at Object.callFn (D:\其他电脑\code\mylogin-nopack\node_modules\@eggjs\router\lib\utils.js:12:21)
    at wrappedController (D:\其他电脑\code\mylogin-nopack\node_modules\@eggjs\router\lib\egg_router.js:322:18)
    at dispatch (D:\其他电脑\code\mylogin-nopack\node_modules\koa-compose\index.js:44:32)
    at next (D:\其他电脑\code\mylogin-nopack\node_modules\koa-compose\index.js:45:18)
    at D:\其他电脑\code\mylogin-nopack\node_modules\@eggjs\router\lib\router.js:186:18
    at dispatch (D:\其他电脑\code\mylogin-nopack\node_modules\koa-compose\index.js:44:32)

pid: 15736
hostname: DESKTOP-I6I98Q9

2022-08-22 15:50:30,499 ERROR 15736 [-/10.86.5.57/-/1ms POST /cyclone/v1/get/remainUseTime] nodejs.TypeError: this.CycMobileLicenseDAO.selectByAppLicese is not a function
    at AppLicenseService.getRemainUseTime (D:\其他电脑\code\mylogin-nopack\app\service\appLicense.js:83:48)
    at AppLicenseController.getRemainUseTime (D:\其他电脑\code\mylogin-nopack\app\controller\appLicense.js:82:46)
    at Object.callFn (D:\其他电脑\code\mylogin-nopack\node_modules\egg-core\lib\utils\index.js:44:21)
    at Object.classControllerMiddleware (D:\其他电脑\code\mylogin-nopack\node_modules\egg-core\lib\loader\mixin\controller.js:87:20)
    at Object.callFn (D:\其他电脑\code\mylogin-nopack\node_modules\@eggjs\router\lib\utils.js:12:21)
    at wrappedController (D:\其他电脑\code\mylogin-nopack\node_modules\@eggjs\router\lib\egg_router.js:322:18)
    at dispatch (D:\其他电脑\code\mylogin-nopack\node_modules\koa-compose\index.js:44:32)
    at next (D:\其他电脑\code\mylogin-nopack\node_modules\koa-compose\index.js:45:18)
    at D:\其他电脑\code\mylogin-nopack\node_modules\@eggjs\router\lib\router.js:186:18
    at dispatch (D:\其他电脑\code\mylogin-nopack\node_modules\koa-compose\index.js:44:32)

pid: 15736
hostname: DESKTOP-I6I98Q9

2022-08-22 15:52:28,509 ERROR 15736 [-/10.86.5.57/-/5ms POST /cyclone/v1/get/remainUseTime] nodejs.TypeError: this.CycMobileLicenseDAO.selectByAppLicese is not a function
    at AppLicenseService.getRemainUseTime (D:\其他电脑\code\mylogin-nopack\app\service\appLicense.js:83:48)
    at AppLicenseController.getRemainUseTime (D:\其他电脑\code\mylogin-nopack\app\controller\appLicense.js:82:46)
    at Object.callFn (D:\其他电脑\code\mylogin-nopack\node_modules\egg-core\lib\utils\index.js:44:21)
    at Object.classControllerMiddleware (D:\其他电脑\code\mylogin-nopack\node_modules\egg-core\lib\loader\mixin\controller.js:87:20)
    at Object.callFn (D:\其他电脑\code\mylogin-nopack\node_modules\@eggjs\router\lib\utils.js:12:21)
    at wrappedController (D:\其他电脑\code\mylogin-nopack\node_modules\@eggjs\router\lib\egg_router.js:322:18)
    at dispatch (D:\其他电脑\code\mylogin-nopack\node_modules\koa-compose\index.js:44:32)
    at next (D:\其他电脑\code\mylogin-nopack\node_modules\koa-compose\index.js:45:18)
    at D:\其他电脑\code\mylogin-nopack\node_modules\@eggjs\router\lib\router.js:186:18
    at dispatch (D:\其他电脑\code\mylogin-nopack\node_modules\koa-compose\index.js:44:32)

pid: 15736
hostname: DESKTOP-I6I98Q9

2022-08-22 15:52:28,534 ERROR 15736 [-/10.86.5.57/-/2ms POST /cyclone/v1/get/remainUseTime] nodejs.TypeError: this.CycMobileLicenseDAO.selectByAppLicese is not a function
    at AppLicenseService.getRemainUseTime (D:\其他电脑\code\mylogin-nopack\app\service\appLicense.js:83:48)
    at AppLicenseController.getRemainUseTime (D:\其他电脑\code\mylogin-nopack\app\controller\appLicense.js:82:46)
    at Object.callFn (D:\其他电脑\code\mylogin-nopack\node_modules\egg-core\lib\utils\index.js:44:21)
    at Object.classControllerMiddleware (D:\其他电脑\code\mylogin-nopack\node_modules\egg-core\lib\loader\mixin\controller.js:87:20)
    at Object.callFn (D:\其他电脑\code\mylogin-nopack\node_modules\@eggjs\router\lib\utils.js:12:21)
    at wrappedController (D:\其他电脑\code\mylogin-nopack\node_modules\@eggjs\router\lib\egg_router.js:322:18)
    at dispatch (D:\其他电脑\code\mylogin-nopack\node_modules\koa-compose\index.js:44:32)
    at next (D:\其他电脑\code\mylogin-nopack\node_modules\koa-compose\index.js:45:18)
    at D:\其他电脑\code\mylogin-nopack\node_modules\@eggjs\router\lib\router.js:186:18
    at dispatch (D:\其他电脑\code\mylogin-nopack\node_modules\koa-compose\index.js:44:32)

pid: 15736
hostname: DESKTOP-I6I98Q9

2022-08-22 15:52:28,557 ERROR 15736 [-/10.86.5.57/-/1ms POST /cyclone/v1/get/remainUseTime] nodejs.TypeError: this.CycMobileLicenseDAO.selectByAppLicese is not a function
    at AppLicenseService.getRemainUseTime (D:\其他电脑\code\mylogin-nopack\app\service\appLicense.js:83:48)
    at AppLicenseController.getRemainUseTime (D:\其他电脑\code\mylogin-nopack\app\controller\appLicense.js:82:46)
    at Object.callFn (D:\其他电脑\code\mylogin-nopack\node_modules\egg-core\lib\utils\index.js:44:21)
    at Object.classControllerMiddleware (D:\其他电脑\code\mylogin-nopack\node_modules\egg-core\lib\loader\mixin\controller.js:87:20)
    at Object.callFn (D:\其他电脑\code\mylogin-nopack\node_modules\@eggjs\router\lib\utils.js:12:21)
    at wrappedController (D:\其他电脑\code\mylogin-nopack\node_modules\@eggjs\router\lib\egg_router.js:322:18)
    at dispatch (D:\其他电脑\code\mylogin-nopack\node_modules\koa-compose\index.js:44:32)
    at next (D:\其他电脑\code\mylogin-nopack\node_modules\koa-compose\index.js:45:18)
    at D:\其他电脑\code\mylogin-nopack\node_modules\@eggjs\router\lib\router.js:186:18
    at dispatch (D:\其他电脑\code\mylogin-nopack\node_modules\koa-compose\index.js:44:32)

pid: 15736
hostname: DESKTOP-I6I98Q9

2022-08-22 15:52:28,584 ERROR 15736 [-/10.86.5.57/-/3ms POST /cyclone/v1/get/remainUseTime] nodejs.TypeError: this.CycMobileLicenseDAO.selectByAppLicese is not a function
    at AppLicenseService.getRemainUseTime (D:\其他电脑\code\mylogin-nopack\app\service\appLicense.js:83:48)
    at AppLicenseController.getRemainUseTime (D:\其他电脑\code\mylogin-nopack\app\controller\appLicense.js:82:46)
    at Object.callFn (D:\其他电脑\code\mylogin-nopack\node_modules\egg-core\lib\utils\index.js:44:21)
    at Object.classControllerMiddleware (D:\其他电脑\code\mylogin-nopack\node_modules\egg-core\lib\loader\mixin\controller.js:87:20)
    at Object.callFn (D:\其他电脑\code\mylogin-nopack\node_modules\@eggjs\router\lib\utils.js:12:21)
    at wrappedController (D:\其他电脑\code\mylogin-nopack\node_modules\@eggjs\router\lib\egg_router.js:322:18)
    at dispatch (D:\其他电脑\code\mylogin-nopack\node_modules\koa-compose\index.js:44:32)
    at next (D:\其他电脑\code\mylogin-nopack\node_modules\koa-compose\index.js:45:18)
    at D:\其他电脑\code\mylogin-nopack\node_modules\@eggjs\router\lib\router.js:186:18
    at dispatch (D:\其他电脑\code\mylogin-nopack\node_modules\koa-compose\index.js:44:32)

pid: 15736
hostname: DESKTOP-I6I98Q9

2022-08-22 15:52:32,771 ERROR 15736 [-/10.86.5.57/-/6ms POST /cyclone/v1/get/remainUseTime] nodejs.TypeError: this.CycMobileLicenseDAO.selectByAppLicese is not a function
    at AppLicenseService.getRemainUseTime (D:\其他电脑\code\mylogin-nopack\app\service\appLicense.js:83:48)
    at AppLicenseController.getRemainUseTime (D:\其他电脑\code\mylogin-nopack\app\controller\appLicense.js:82:46)
    at Object.callFn (D:\其他电脑\code\mylogin-nopack\node_modules\egg-core\lib\utils\index.js:44:21)
    at Object.classControllerMiddleware (D:\其他电脑\code\mylogin-nopack\node_modules\egg-core\lib\loader\mixin\controller.js:87:20)
    at Object.callFn (D:\其他电脑\code\mylogin-nopack\node_modules\@eggjs\router\lib\utils.js:12:21)
    at wrappedController (D:\其他电脑\code\mylogin-nopack\node_modules\@eggjs\router\lib\egg_router.js:322:18)
    at dispatch (D:\其他电脑\code\mylogin-nopack\node_modules\koa-compose\index.js:44:32)
    at next (D:\其他电脑\code\mylogin-nopack\node_modules\koa-compose\index.js:45:18)
    at D:\其他电脑\code\mylogin-nopack\node_modules\@eggjs\router\lib\router.js:186:18
    at dispatch (D:\其他电脑\code\mylogin-nopack\node_modules\koa-compose\index.js:44:32)

pid: 15736
hostname: DESKTOP-I6I98Q9

2022-08-22 15:52:32,792 ERROR 15736 [-/10.86.5.57/-/2ms POST /cyclone/v1/get/remainUseTime] nodejs.TypeError: this.CycMobileLicenseDAO.selectByAppLicese is not a function
    at AppLicenseService.getRemainUseTime (D:\其他电脑\code\mylogin-nopack\app\service\appLicense.js:83:48)
    at AppLicenseController.getRemainUseTime (D:\其他电脑\code\mylogin-nopack\app\controller\appLicense.js:82:46)
    at Object.callFn (D:\其他电脑\code\mylogin-nopack\node_modules\egg-core\lib\utils\index.js:44:21)
    at Object.classControllerMiddleware (D:\其他电脑\code\mylogin-nopack\node_modules\egg-core\lib\loader\mixin\controller.js:87:20)
    at Object.callFn (D:\其他电脑\code\mylogin-nopack\node_modules\@eggjs\router\lib\utils.js:12:21)
    at wrappedController (D:\其他电脑\code\mylogin-nopack\node_modules\@eggjs\router\lib\egg_router.js:322:18)
    at dispatch (D:\其他电脑\code\mylogin-nopack\node_modules\koa-compose\index.js:44:32)
    at next (D:\其他电脑\code\mylogin-nopack\node_modules\koa-compose\index.js:45:18)
    at D:\其他电脑\code\mylogin-nopack\node_modules\@eggjs\router\lib\router.js:186:18
    at dispatch (D:\其他电脑\code\mylogin-nopack\node_modules\koa-compose\index.js:44:32)

pid: 15736
hostname: DESKTOP-I6I98Q9

2022-08-22 15:52:32,812 ERROR 15736 [-/10.86.5.57/-/1ms POST /cyclone/v1/get/remainUseTime] nodejs.TypeError: this.CycMobileLicenseDAO.selectByAppLicese is not a function
    at AppLicenseService.getRemainUseTime (D:\其他电脑\code\mylogin-nopack\app\service\appLicense.js:83:48)
    at AppLicenseController.getRemainUseTime (D:\其他电脑\code\mylogin-nopack\app\controller\appLicense.js:82:46)
    at Object.callFn (D:\其他电脑\code\mylogin-nopack\node_modules\egg-core\lib\utils\index.js:44:21)
    at Object.classControllerMiddleware (D:\其他电脑\code\mylogin-nopack\node_modules\egg-core\lib\loader\mixin\controller.js:87:20)
    at Object.callFn (D:\其他电脑\code\mylogin-nopack\node_modules\@eggjs\router\lib\utils.js:12:21)
    at wrappedController (D:\其他电脑\code\mylogin-nopack\node_modules\@eggjs\router\lib\egg_router.js:322:18)
    at dispatch (D:\其他电脑\code\mylogin-nopack\node_modules\koa-compose\index.js:44:32)
    at next (D:\其他电脑\code\mylogin-nopack\node_modules\koa-compose\index.js:45:18)
    at D:\其他电脑\code\mylogin-nopack\node_modules\@eggjs\router\lib\router.js:186:18
    at dispatch (D:\其他电脑\code\mylogin-nopack\node_modules\koa-compose\index.js:44:32)

pid: 15736
hostname: DESKTOP-I6I98Q9

2022-08-22 15:52:32,834 ERROR 15736 [-/10.86.5.57/-/2ms POST /cyclone/v1/get/remainUseTime] nodejs.TypeError: this.CycMobileLicenseDAO.selectByAppLicese is not a function
    at AppLicenseService.getRemainUseTime (D:\其他电脑\code\mylogin-nopack\app\service\appLicense.js:83:48)
    at AppLicenseController.getRemainUseTime (D:\其他电脑\code\mylogin-nopack\app\controller\appLicense.js:82:46)
    at Object.callFn (D:\其他电脑\code\mylogin-nopack\node_modules\egg-core\lib\utils\index.js:44:21)
    at Object.classControllerMiddleware (D:\其他电脑\code\mylogin-nopack\node_modules\egg-core\lib\loader\mixin\controller.js:87:20)
    at Object.callFn (D:\其他电脑\code\mylogin-nopack\node_modules\@eggjs\router\lib\utils.js:12:21)
    at wrappedController (D:\其他电脑\code\mylogin-nopack\node_modules\@eggjs\router\lib\egg_router.js:322:18)
    at dispatch (D:\其他电脑\code\mylogin-nopack\node_modules\koa-compose\index.js:44:32)
    at next (D:\其他电脑\code\mylogin-nopack\node_modules\koa-compose\index.js:45:18)
    at D:\其他电脑\code\mylogin-nopack\node_modules\@eggjs\router\lib\router.js:186:18
    at dispatch (D:\其他电脑\code\mylogin-nopack\node_modules\koa-compose\index.js:44:32)

pid: 15736
hostname: DESKTOP-I6I98Q9

2022-08-22 16:48:55,436 ERROR 29772 nodejs.unhandledExceptionError: read ECONNRESET
    at TCP.onStreamRead (node:internal/stream_base_commons:217:20)
    at TCP.callbackTrampoline (node:internal/async_hooks:130:17)
errno: -4077
code: "ECONNRESET"
syscall: "read"
name: "unhandledExceptionError"
pid: 29772
hostname: DESKTOP-I6I98Q9

2022-08-22 17:16:54,432 ERROR 7664 [-/10.86.9.149/-/16ms POST /cyclone/v1/update/TotalUseTime] nodejs.ER_BAD_FIELD_ERRORError: ER_BAD_FIELD_ERROR: Unknown column 'totalNewUseTime' in 'field list'
    at Query.Sequence._packetToError (D:\其他电脑\code\mylogin-nopack\node_modules\mysql\lib\protocol\sequences\Sequence.js:47:14)
    at Query.ErrorPacket (D:\其他电脑\code\mylogin-nopack\node_modules\mysql\lib\protocol\sequences\Query.js:79:18)
    at Protocol._parsePacket (D:\其他电脑\code\mylogin-nopack\node_modules\mysql\lib\protocol\Protocol.js:291:23)
    at Parser._parsePacket (D:\其他电脑\code\mylogin-nopack\node_modules\mysql\lib\protocol\Parser.js:433:10)
    at Parser.write (D:\其他电脑\code\mylogin-nopack\node_modules\mysql\lib\protocol\Parser.js:43:10)
    at Protocol.write (D:\其他电脑\code\mylogin-nopack\node_modules\mysql\lib\protocol\Protocol.js:38:16)
    at Socket.<anonymous> (D:\其他电脑\code\mylogin-nopack\node_modules\mysql\lib\Connection.js:88:28)
    at Socket.<anonymous> (D:\其他电脑\code\mylogin-nopack\node_modules\mysql\lib\Connection.js:526:10)
    at Socket.emit (node:events:527:28)
    at addChunk (node:internal/streams/readable:315:12)
    --------------------
    at Pool.query (D:\其他电脑\code\mylogin-nopack\node_modules\mysql\lib\Pool.js:199:23)
    at D:\其他电脑\code\mylogin-nopack\node_modules\pify\index.js:29:7
    at new Promise (<anonymous>)
    at Pool.<anonymous> (D:\其他电脑\code\mylogin-nopack\node_modules\pify\index.js:12:10)
    at Pool.ret [as query] (D:\其他电脑\code\mylogin-nopack\node_modules\pify\index.js:56:34)
    at RDSClient.proto._query (D:\其他电脑\code\mylogin-nopack\node_modules\ali-rds\lib\client.js:38:20)
    at RDSClient.proto.query (D:\其他电脑\code\mylogin-nopack\node_modules\ali-rds\lib\operator.js:54:29)
    at proto.query.next (<anonymous>)
    at onFulfilled (D:\其他电脑\code\mylogin-nopack\node_modules\co\index.js:65:19)
    at D:\其他电脑\code\mylogin-nopack\node_modules\co\index.js:54:5
    sql: UPDATE `cyc_mobile_license` SET `totalNewUseTime` = 1, `id` = 15 WHERE `id` = 15
code: "ER_BAD_FIELD_ERROR"
errno: 1054
sqlMessage: "Unknown column 'totalNewUseTime' in 'field list'"
sqlState: "42S22"
index: 0
sql: "UPDATE `cyc_mobile_license` SET `totalNewUseTime` = 1, `id` = 15 WHERE `id` = 15"
headers: {"Access-Control-Allow-Origin":"*","vary":"Origin"}
name: "ER_BAD_FIELD_ERRORError"
pid: 7664
hostname: DESKTOP-I6I98Q9

2022-08-22 17:17:42,893 ERROR 13308 [-/10.86.9.149/-/4989ms POST /cyclone/v1/update/TotalUseTime] nodejs.ReferenceError: res is not defined
    at AppLicenseService.updateTotalUseTime (D:\其他电脑\code\mylogin-nopack\app\service\appLicense.js:100:5)
    at processTicksAndRejections (node:internal/process/task_queues:96:5)
    at async AppLicenseController.updateTotalUseTime (D:\其他电脑\code\mylogin-nopack\app\controller\appLicense.js:115:17)
    at async swaggerUI (D:\其他电脑\code\mylogin-nopack\node_modules\egg-swagger-jsdoc\app\middleware\swagger.js:20:5)
    at async D:\其他电脑\code\mylogin-nopack\node_modules\egg-development\app\middleware\egg_loader_trace.js:9:50
    at async xssProtection (D:\其他电脑\code\mylogin-nopack\node_modules\egg-security\lib\middlewares\xssProtection.js:7:5)
    at async nosniff (D:\其他电脑\code\mylogin-nopack\node_modules\egg-security\lib\middlewares\nosniff.js:8:5)
    at async noopen (D:\其他电脑\code\mylogin-nopack\node_modules\egg-security\lib\middlewares\noopen.js:8:5)
    at async session (D:\其他电脑\code\mylogin-nopack\node_modules\koa-session\index.js:41:7)
    at async bodyParser (D:\其他电脑\code\mylogin-nopack\node_modules\koa-bodyparser\index.js:95:5)
headers: {"Access-Control-Allow-Origin":"*","vary":"Origin"}
pid: 13308
hostname: DESKTOP-I6I98Q9

