2022-08-22 00:00:01,024 INFO 30992 [egg-logrotator] app logger reload: got log-reload message
2022-08-22 04:30:00,006 INFO 30992 [-/127.0.0.1/-/1ms SCHEDULE /__schedule?path=D:\其他电脑\code\mylogin-nopack\node_modules\egg-multipart\app\schedule\clean_tmpdir.js&type=worker&cron=0%2030%204%20*%20*%20*&disable=false&immediate=false] [egg-multipart:CleanTmpdir] start clean tmpdir: "C:\\Users\\卢鹏\\AppData\\Local\\Temp\\egg-multipart-tmp\\mylogin"
2022-08-22 04:30:00,010 INFO 30992 [-/127.0.0.1/-/5ms SCHEDULE /__schedule?path=D:\其他电脑\code\mylogin-nopack\node_modules\egg-multipart\app\schedule\clean_tmpdir.js&type=worker&cron=0%2030%204%20*%20*%20*&disable=false&immediate=false] [egg-multipart:CleanTmpdir] end
2022-08-22 09:54:40,347 INFO 32256 [egg:logger] init all loggers with options: {"dir":"D:\\其他电脑\\code\\mylogin-nopack\\logs\\mylogin","encoding":"utf8","env":"local","level":"INFO","consoleLevel":"DEBUG","disableConsoleAfterReady":false,"outputJSON":false,"buffer":true,"appLogName":"mylogin-web.log","coreLogName":"egg-web.log","agentLogName":"egg-agent.log","errorLogName":"common-error.log","coreLogger":{"consoleLevel":"WARN"},"allowDebugAtProd":false,"enablePerformanceTimer":false,"type":"application"}
2022-08-22 09:54:40,373 INFO 32256 [egg-multipart] stream mode enable
2022-08-22 09:54:40,374 INFO 32256 [egg-mysql] connecting root@127.0.0.1:3306/myproject
2022-08-22 09:54:40,687 INFO 32256 [egg-static] starting static serve /swagger-ui -> D:\其他电脑\code\mylogin-nopack\node_modules\egg-swagger-jsdoc\app\public
2022-08-22 09:54:40,689 INFO 32256 [egg-security] use methodnoallow middleware
2022-08-22 09:54:40,690 INFO 32256 [egg-security] use noopen middleware
2022-08-22 09:54:40,690 INFO 32256 [egg-security] use nosniff middleware
2022-08-22 09:54:40,690 INFO 32256 [egg-security] use xssProtection middleware
2022-08-22 09:54:40,691 INFO 32256 [egg-security] use dta middleware
2022-08-22 09:54:40,691 INFO 32256 [egg-security] compose 5 middlewares into one security middleware
2022-08-22 09:54:40,701 INFO 32256 [egg:core] dump config after load, 4ms
2022-08-22 09:54:40,717 INFO 32256 [egg-watcher:application] watcher start success
2022-08-22 09:54:40,718 INFO 32256 [egg-mysql] instance[0] status OK, rds currentTime: Mon Aug 22 2022 09:54:40 GMT+0800 (中国标准时间)
2022-08-22 09:54:40,724 INFO 32256 [egg:core] dump config after ready, 5ms
2022-08-22 09:54:41,923 INFO 24544 [egg:logger] init all loggers with options: {"dir":"D:\\其他电脑\\code\\mylogin-nopack\\logs\\mylogin","encoding":"utf8","env":"local","level":"INFO","consoleLevel":"DEBUG","disableConsoleAfterReady":false,"outputJSON":false,"buffer":true,"appLogName":"mylogin-web.log","coreLogName":"egg-web.log","agentLogName":"egg-agent.log","errorLogName":"common-error.log","coreLogger":{"consoleLevel":"WARN"},"allowDebugAtProd":false,"enablePerformanceTimer":false,"type":"application"}
2022-08-22 09:54:41,950 INFO 24544 [egg-multipart] stream mode enable
2022-08-22 09:54:41,950 INFO 24544 [egg-mysql] connecting root@127.0.0.1:3306/myproject
2022-08-22 09:54:42,252 INFO 24544 [egg-static] starting static serve /swagger-ui -> D:\其他电脑\code\mylogin-nopack\node_modules\egg-swagger-jsdoc\app\public
2022-08-22 09:54:42,253 INFO 24544 [egg-security] use methodnoallow middleware
2022-08-22 09:54:42,254 INFO 24544 [egg-security] use noopen middleware
2022-08-22 09:54:42,254 INFO 24544 [egg-security] use nosniff middleware
2022-08-22 09:54:42,255 INFO 24544 [egg-security] use xssProtection middleware
2022-08-22 09:54:42,255 INFO 24544 [egg-security] use dta middleware
2022-08-22 09:54:42,255 INFO 24544 [egg-security] compose 5 middlewares into one security middleware
2022-08-22 09:54:42,263 INFO 24544 [egg:core] dump config after load, 4ms
2022-08-22 09:54:42,277 INFO 24544 [egg-watcher:application] watcher start success
2022-08-22 09:54:42,278 INFO 24544 [egg-mysql] instance[0] status OK, rds currentTime: Mon Aug 22 2022 09:54:42 GMT+0800 (中国标准时间)
2022-08-22 09:54:42,284 INFO 24544 [egg:core] dump config after ready, 4ms
2022-08-22 09:55:27,430 INFO 31788 [egg:logger] init all loggers with options: {"dir":"D:\\其他电脑\\code\\mylogin-nopack\\logs\\mylogin","encoding":"utf8","env":"local","level":"INFO","consoleLevel":"DEBUG","disableConsoleAfterReady":false,"outputJSON":false,"buffer":true,"appLogName":"mylogin-web.log","coreLogName":"egg-web.log","agentLogName":"egg-agent.log","errorLogName":"common-error.log","coreLogger":{"consoleLevel":"WARN"},"allowDebugAtProd":false,"enablePerformanceTimer":false,"type":"application"}
2022-08-22 09:55:27,455 INFO 31788 [egg-multipart] stream mode enable
2022-08-22 09:55:27,455 INFO 31788 [egg-mysql] connecting root@127.0.0.1:3306/myproject
2022-08-22 09:55:27,710 INFO 31788 [egg-static] starting static serve /swagger-ui -> D:\其他电脑\code\mylogin-nopack\node_modules\egg-swagger-jsdoc\app\public
2022-08-22 09:55:27,712 INFO 31788 [egg-security] use methodnoallow middleware
2022-08-22 09:55:27,712 INFO 31788 [egg-security] use noopen middleware
2022-08-22 09:55:27,713 INFO 31788 [egg-security] use nosniff middleware
2022-08-22 09:55:27,713 INFO 31788 [egg-security] use xssProtection middleware
2022-08-22 09:55:27,713 INFO 31788 [egg-security] use dta middleware
2022-08-22 09:55:27,713 INFO 31788 [egg-security] compose 5 middlewares into one security middleware
2022-08-22 09:55:27,721 INFO 31788 [egg:core] dump config after load, 3ms
2022-08-22 09:55:27,734 INFO 31788 [egg-watcher:application] watcher start success
2022-08-22 09:55:27,735 INFO 31788 [egg-mysql] instance[0] status OK, rds currentTime: Mon Aug 22 2022 09:55:27 GMT+0800 (中国标准时间)
2022-08-22 09:55:27,740 INFO 31788 [egg:core] dump config after ready, 4ms
2022-08-22 09:56:12,311 INFO 24492 [egg:logger] init all loggers with options: {"dir":"D:\\其他电脑\\code\\mylogin-nopack\\logs\\mylogin","encoding":"utf8","env":"local","level":"INFO","consoleLevel":"DEBUG","disableConsoleAfterReady":false,"outputJSON":false,"buffer":true,"appLogName":"mylogin-web.log","coreLogName":"egg-web.log","agentLogName":"egg-agent.log","errorLogName":"common-error.log","coreLogger":{"consoleLevel":"WARN"},"allowDebugAtProd":false,"enablePerformanceTimer":false,"type":"application"}
2022-08-22 09:56:12,334 INFO 24492 [egg-multipart] stream mode enable
2022-08-22 09:56:12,335 INFO 24492 [egg-mysql] connecting root@127.0.0.1:3306/myproject
2022-08-22 09:56:12,633 INFO 24492 [egg-static] starting static serve /swagger-ui -> D:\其他电脑\code\mylogin-nopack\node_modules\egg-swagger-jsdoc\app\public
2022-08-22 09:56:12,634 INFO 24492 [egg-security] use methodnoallow middleware
2022-08-22 09:56:12,634 INFO 24492 [egg-security] use noopen middleware
2022-08-22 09:56:12,635 INFO 24492 [egg-security] use nosniff middleware
2022-08-22 09:56:12,635 INFO 24492 [egg-security] use xssProtection middleware
2022-08-22 09:56:12,636 INFO 24492 [egg-security] use dta middleware
2022-08-22 09:56:12,636 INFO 24492 [egg-security] compose 5 middlewares into one security middleware
2022-08-22 09:56:12,644 INFO 24492 [egg:core] dump config after load, 3ms
2022-08-22 09:56:12,658 INFO 24492 [egg-watcher:application] watcher start success
2022-08-22 09:56:12,659 INFO 24492 [egg-mysql] instance[0] status OK, rds currentTime: Mon Aug 22 2022 09:56:12 GMT+0800 (中国标准时间)
2022-08-22 09:56:12,664 INFO 24492 [egg:core] dump config after ready, 3ms
2022-08-22 10:29:36,871 INFO 10676 [egg:logger] init all loggers with options: {"dir":"D:\\其他电脑\\code\\mylogin-nopack\\logs\\mylogin","encoding":"utf8","env":"local","level":"INFO","consoleLevel":"DEBUG","disableConsoleAfterReady":false,"outputJSON":false,"buffer":true,"appLogName":"mylogin-web.log","coreLogName":"egg-web.log","agentLogName":"egg-agent.log","errorLogName":"common-error.log","coreLogger":{"consoleLevel":"WARN"},"allowDebugAtProd":false,"enablePerformanceTimer":false,"type":"application"}
2022-08-22 10:29:36,896 INFO 10676 [egg-multipart] stream mode enable
2022-08-22 10:29:36,896 INFO 10676 [egg-mysql] connecting root@127.0.0.1:3306/myproject
2022-08-22 10:29:37,145 INFO 10676 [egg-static] starting static serve /swagger-ui -> D:\其他电脑\code\mylogin-nopack\node_modules\egg-swagger-jsdoc\app\public
2022-08-22 10:29:37,146 INFO 10676 [egg-security] use methodnoallow middleware
2022-08-22 10:29:37,147 INFO 10676 [egg-security] use noopen middleware
2022-08-22 10:29:37,147 INFO 10676 [egg-security] use nosniff middleware
2022-08-22 10:29:37,148 INFO 10676 [egg-security] use xssProtection middleware
2022-08-22 10:29:37,148 INFO 10676 [egg-security] use dta middleware
2022-08-22 10:29:37,148 INFO 10676 [egg-security] compose 5 middlewares into one security middleware
2022-08-22 10:29:37,155 INFO 10676 [egg:core] dump config after load, 3ms
2022-08-22 10:29:37,168 INFO 10676 [egg-watcher:application] watcher start success
2022-08-22 10:29:37,169 INFO 10676 [egg-mysql] instance[0] status OK, rds currentTime: Mon Aug 22 2022 10:29:37 GMT+0800 (中国标准时间)
2022-08-22 10:29:37,174 INFO 10676 [egg:core] dump config after ready, 4ms
2022-08-22 10:29:46,727 INFO 10540 [egg:logger] init all loggers with options: {"dir":"D:\\其他电脑\\code\\mylogin-nopack\\logs\\mylogin","encoding":"utf8","env":"local","level":"INFO","consoleLevel":"DEBUG","disableConsoleAfterReady":false,"outputJSON":false,"buffer":true,"appLogName":"mylogin-web.log","coreLogName":"egg-web.log","agentLogName":"egg-agent.log","errorLogName":"common-error.log","coreLogger":{"consoleLevel":"WARN"},"allowDebugAtProd":false,"enablePerformanceTimer":false,"type":"application"}
2022-08-22 10:29:46,752 INFO 10540 [egg-multipart] stream mode enable
2022-08-22 10:29:46,753 INFO 10540 [egg-mysql] connecting root@127.0.0.1:3306/myproject
2022-08-22 10:29:47,015 INFO 10540 [egg-static] starting static serve /swagger-ui -> D:\其他电脑\code\mylogin-nopack\node_modules\egg-swagger-jsdoc\app\public
2022-08-22 10:29:47,017 INFO 10540 [egg-security] use methodnoallow middleware
2022-08-22 10:29:47,017 INFO 10540 [egg-security] use noopen middleware
2022-08-22 10:29:47,018 INFO 10540 [egg-security] use nosniff middleware
2022-08-22 10:29:47,018 INFO 10540 [egg-security] use xssProtection middleware
2022-08-22 10:29:47,019 INFO 10540 [egg-security] use dta middleware
2022-08-22 10:29:47,019 INFO 10540 [egg-security] compose 5 middlewares into one security middleware
2022-08-22 10:29:47,027 INFO 10540 [egg:core] dump config after load, 4ms
2022-08-22 10:29:47,041 INFO 10540 [egg-watcher:application] watcher start success
2022-08-22 10:29:47,042 INFO 10540 [egg-mysql] instance[0] status OK, rds currentTime: Mon Aug 22 2022 10:29:47 GMT+0800 (中国标准时间)
2022-08-22 10:29:47,046 INFO 10540 [egg:core] dump config after ready, 3ms
2022-08-22 10:34:16,906 INFO 25656 [egg:logger] init all loggers with options: {"dir":"D:\\其他电脑\\code\\mylogin-nopack\\logs\\mylogin","encoding":"utf8","env":"local","level":"INFO","consoleLevel":"DEBUG","disableConsoleAfterReady":false,"outputJSON":false,"buffer":true,"appLogName":"mylogin-web.log","coreLogName":"egg-web.log","agentLogName":"egg-agent.log","errorLogName":"common-error.log","coreLogger":{"consoleLevel":"WARN"},"allowDebugAtProd":false,"enablePerformanceTimer":false,"type":"application"}
2022-08-22 10:34:16,932 INFO 25656 [egg-multipart] stream mode enable
2022-08-22 10:34:16,932 INFO 25656 [egg-mysql] connecting root@127.0.0.1:3306/myproject
2022-08-22 10:34:17,191 INFO 25656 [egg-static] starting static serve /swagger-ui -> D:\其他电脑\code\mylogin-nopack\node_modules\egg-swagger-jsdoc\app\public
2022-08-22 10:34:17,192 INFO 25656 [egg-security] use methodnoallow middleware
2022-08-22 10:34:17,193 INFO 25656 [egg-security] use noopen middleware
2022-08-22 10:34:17,193 INFO 25656 [egg-security] use nosniff middleware
2022-08-22 10:34:17,194 INFO 25656 [egg-security] use xssProtection middleware
2022-08-22 10:34:17,194 INFO 25656 [egg-security] use dta middleware
2022-08-22 10:34:17,194 INFO 25656 [egg-security] compose 5 middlewares into one security middleware
2022-08-22 10:34:17,201 INFO 25656 [egg:core] dump config after load, 3ms
2022-08-22 10:34:17,215 INFO 25656 [egg-mysql] instance[0] status OK, rds currentTime: Mon Aug 22 2022 10:34:17 GMT+0800 (中国标准时间)
2022-08-22 10:34:17,216 INFO 25656 [egg-watcher:application] watcher start success
2022-08-22 10:34:17,221 INFO 25656 [egg:core] dump config after ready, 4ms
2022-08-22 10:35:03,180 INFO 29432 [egg:logger] init all loggers with options: {"dir":"D:\\其他电脑\\code\\mylogin-nopack\\logs\\mylogin","encoding":"utf8","env":"local","level":"INFO","consoleLevel":"DEBUG","disableConsoleAfterReady":false,"outputJSON":false,"buffer":true,"appLogName":"mylogin-web.log","coreLogName":"egg-web.log","agentLogName":"egg-agent.log","errorLogName":"common-error.log","coreLogger":{"consoleLevel":"WARN"},"allowDebugAtProd":false,"enablePerformanceTimer":false,"type":"application"}
2022-08-22 10:35:03,203 INFO 29432 [egg-multipart] stream mode enable
2022-08-22 10:35:03,203 INFO 29432 [egg-mysql] connecting root@127.0.0.1:3306/myproject
2022-08-22 10:35:03,461 INFO 29432 [egg-static] starting static serve /swagger-ui -> D:\其他电脑\code\mylogin-nopack\node_modules\egg-swagger-jsdoc\app\public
2022-08-22 10:35:03,462 INFO 29432 [egg-security] use methodnoallow middleware
2022-08-22 10:35:03,463 INFO 29432 [egg-security] use noopen middleware
2022-08-22 10:35:03,463 INFO 29432 [egg-security] use nosniff middleware
2022-08-22 10:35:03,464 INFO 29432 [egg-security] use xssProtection middleware
2022-08-22 10:35:03,464 INFO 29432 [egg-security] use dta middleware
2022-08-22 10:35:03,464 INFO 29432 [egg-security] compose 5 middlewares into one security middleware
2022-08-22 10:35:03,472 INFO 29432 [egg:core] dump config after load, 3ms
2022-08-22 10:35:03,484 INFO 29432 [egg-watcher:application] watcher start success
2022-08-22 10:35:03,485 INFO 29432 [egg-mysql] instance[0] status OK, rds currentTime: Mon Aug 22 2022 10:35:03 GMT+0800 (中国标准时间)
2022-08-22 10:35:03,490 INFO 29432 [egg:core] dump config after ready, 4ms
2022-08-22 10:35:16,461 INFO 29912 [egg:logger] init all loggers with options: {"dir":"D:\\其他电脑\\code\\mylogin-nopack\\logs\\mylogin","encoding":"utf8","env":"local","level":"INFO","consoleLevel":"DEBUG","disableConsoleAfterReady":false,"outputJSON":false,"buffer":true,"appLogName":"mylogin-web.log","coreLogName":"egg-web.log","agentLogName":"egg-agent.log","errorLogName":"common-error.log","coreLogger":{"consoleLevel":"WARN"},"allowDebugAtProd":false,"enablePerformanceTimer":false,"type":"application"}
2022-08-22 10:35:16,485 INFO 29912 [egg-multipart] stream mode enable
2022-08-22 10:35:16,485 INFO 29912 [egg-mysql] connecting root@127.0.0.1:3306/myproject
2022-08-22 10:35:16,735 INFO 29912 [egg-static] starting static serve /swagger-ui -> D:\其他电脑\code\mylogin-nopack\node_modules\egg-swagger-jsdoc\app\public
2022-08-22 10:35:16,737 INFO 29912 [egg-security] use methodnoallow middleware
2022-08-22 10:35:16,737 INFO 29912 [egg-security] use noopen middleware
2022-08-22 10:35:16,738 INFO 29912 [egg-security] use nosniff middleware
2022-08-22 10:35:16,738 INFO 29912 [egg-security] use xssProtection middleware
2022-08-22 10:35:16,739 INFO 29912 [egg-security] use dta middleware
2022-08-22 10:35:16,739 INFO 29912 [egg-security] compose 5 middlewares into one security middleware
2022-08-22 10:35:16,746 INFO 29912 [egg:core] dump config after load, 3ms
2022-08-22 10:35:16,759 INFO 29912 [egg-watcher:application] watcher start success
2022-08-22 10:35:16,760 INFO 29912 [egg-mysql] instance[0] status OK, rds currentTime: Mon Aug 22 2022 10:35:16 GMT+0800 (中国标准时间)
2022-08-22 10:35:16,765 INFO 29912 [egg:core] dump config after ready, 4ms
