2022-08-22 09:54:47,531 INFO 24544 [-/10.86.9.149/-/12ms POST /cyclone/v1/sendEmailByText] msgHtml => msgHtml: "<!DOCTYPE html>\n        <html>\n            <head>\n            <meta charset=\"utf-8\" >\n            <title>Nodejs创建html页面</title>\n            </head>\n            <body  style=\"font-family: 'Microsoft JhengHei';\">\n            \n      亲爱的伙伴 :</font><br />&nbsp;&nbsp;您好<br />\n      如有疑问，请工作易联系管理员<br />\n       <br>\n           ========================================================= </br>\n          &nbsp;&nbsp;此消息由工作易邮箱发送，如果您有任何问题，可以直接回复此电子邮件。</body>\n         </html>"
2022-08-22 09:55:33,353 INFO 31788 [-/10.86.9.149/-/11ms POST /cyclone/v1/sendEmailByText] msgHtml => msgHtml: "<!DOCTYPE html>\n        <html>\n            <head>\n            <meta charset=\"utf-8\" >\n            <title>Nodejs创建html页面</title>\n            </head>\n            <body  style=\"font-family: 'Microsoft JhengHei';\">\n            \n      亲爱的伙伴 :</font><br />&nbsp;&nbsp;您好<br />\n      如有疑问，请工作易联系管理员<br />\n       <br>\n           ========================================================= </br>\n          &nbsp;&nbsp;此消息由工作易邮箱发送，如果您有任何问题，可以直接回复此电子邮件。</body>\n         </html>"
2022-08-22 09:56:15,634 INFO 24492 [-/10.86.9.149/-/12ms POST /cyclone/v1/sendEmailByText] msgHtml => msgHtml: "<!DOCTYPE html>\n        <html>\n            <head>\n            <meta charset=\"utf-8\" >\n            <title>Nodejs创建html页面</title>\n            </head>\n            <body  style=\"font-family: 'Microsoft JhengHei';\">\n            \n      亲爱的伙伴 :</font><br />&nbsp;&nbsp;您好<br />\n      如有疑问，请工作易联系管理员<br />\n       <br>\n           ========================================================= </br>\n          &nbsp;&nbsp;此消息由工作易邮箱发送，如果您有任何问题，可以直接回复此电子邮件。</body>\n         </html>"
2022-08-22 10:36:35,142 INFO 29912 [-/10.86.9.149/-/12ms POST /cyclone/v1/sendEmailByText] msgHtml => msgHtml: "<!DOCTYPE html>\n        <html>\n            <head>\n            <meta charset=\"utf-8\" >\n            <title>Nodejs创建html页面</title>\n            </head>\n            <body  style=\"font-family: 'Microsoft JhengHei';\">\n            \n      亲爱的伙伴 :</font><br />&nbsp;&nbsp;您好<br />\n      如有疑问，请工作易联系管理员<br />\n       <br>\n           ========================================================= </br>\n          &nbsp;&nbsp;此消息由工作易邮箱发送，如果您有任何问题，可以直接回复此电子邮件。</body>\n         </html>"
2022-08-22 10:46:59,671 INFO 29912 [-/10.86.9.149/-/2ms POST /cyclone/v1/sendEmailByText] msgHtml => msgHtml: "<!DOCTYPE html>\n        <html>\n            <head>\n            <meta charset=\"utf-8\" >\n            <title>Nodejs创建html页面</title>\n            </head>\n            <body  style=\"font-family: 'Microsoft JhengHei';\">\n            \n      亲爱的伙伴 :</font><br />&nbsp;&nbsp;您好<br />\n      如有疑问，请工作易联系管理员<br />\n       <br>\n           ========================================================= </br>\n          &nbsp;&nbsp;此消息由工作易邮箱发送，如果您有任何问题，可以直接回复此电子邮件。</body>\n         </html>"
2022-08-22 10:47:16,557 INFO 29912 [-/10.86.9.149/-/1ms POST /cyclone/v1/sendEmailByText] msgHtml => msgHtml: "<!DOCTYPE html>\n        <html>\n            <head>\n            <meta charset=\"utf-8\" >\n            <title>Nodejs创建html页面</title>\n            </head>\n            <body  style=\"font-family: 'Microsoft JhengHei';\">\n            \n      亲爱的伙伴 :</font><br />&nbsp;&nbsp;您好<br />\n      如有疑问，请工作易联系管理员<br />\n       <br>\n           ========================================================= </br>\n          &nbsp;&nbsp;此消息由工作易邮箱发送，如果您有任何问题，可以直接回复此电子邮件。</body>\n         </html>"
2022-08-22 14:14:03,638 INFO 4708 [-/10.86.9.149/-/15ms POST /cyclone/v1/createAppLicense] createNameInfo => createNameInfo: [{"id":1,"memberId":1,"username":"lopez","password":"lopez","create_time":"2022-08-15T02:33:34.000Z","phoneNo":"15534001372"}]
2022-08-22 14:14:03,641 INFO 4708 [-/10.86.9.149/-/19ms POST /cyclone/v1/createAppLicense] createAppLicense => createAppLicense: {"appId":"b8c6b5f1468f470a8bd166ab44b8daa0","appName":"抖音建联","appLicense":"-y8U6rYl","allowUseTime":"3","totalUseTime":0,"createName":"lopez","createTime":"2022-08-22T06:14:03.641Z"}
2022-08-22 15:45:14,544 ERROR 15736 [-/10.86.9.149/-/11ms POST /cyclone/v1/get/remainUseTime] nodejs.TypeError: this.CycMobileLicenseDAO.selectByAppLicese is not a function
    at AppLicenseService.getRemainUseTime (D:\其他电脑\code\mylogin-nopack\app\service\appLicense.js:83:48)
    at AppLicenseController.getRemainUseTime (D:\其他电脑\code\mylogin-nopack\app\controller\appLicense.js:82:46)
    at Object.callFn (D:\其他电脑\code\mylogin-nopack\node_modules\egg-core\lib\utils\index.js:44:21)
    at Object.classControllerMiddleware (D:\其他电脑\code\mylogin-nopack\node_modules\egg-core\lib\loader\mixin\controller.js:87:20)
    at Object.callFn (D:\其他电脑\code\mylogin-nopack\node_modules\@eggjs\router\lib\utils.js:12:21)
    at wrappedController (D:\其他电脑\code\mylogin-nopack\node_modules\@eggjs\router\lib\egg_router.js:322:18)
    at dispatch (D:\其他电脑\code\mylogin-nopack\node_modules\koa-compose\index.js:44:32)
    at next (D:\其他电脑\code\mylogin-nopack\node_modules\koa-compose\index.js:45:18)
    at D:\其他电脑\code\mylogin-nopack\node_modules\@eggjs\router\lib\router.js:186:18
    at dispatch (D:\其他电脑\code\mylogin-nopack\node_modules\koa-compose\index.js:44:32)
headers: {"Access-Control-Allow-Origin":"*","vary":"Origin"}
pid: 15736
hostname: DESKTOP-I6I98Q9

2022-08-22 15:45:32,143 ERROR 15736 [-/10.86.5.57/-/2ms POST /cyclone/v1/get/remainUseTime] nodejs.TypeError: this.CycMobileLicenseDAO.selectByAppLicese is not a function
    at AppLicenseService.getRemainUseTime (D:\其他电脑\code\mylogin-nopack\app\service\appLicense.js:83:48)
    at AppLicenseController.getRemainUseTime (D:\其他电脑\code\mylogin-nopack\app\controller\appLicense.js:82:46)
    at Object.callFn (D:\其他电脑\code\mylogin-nopack\node_modules\egg-core\lib\utils\index.js:44:21)
    at Object.classControllerMiddleware (D:\其他电脑\code\mylogin-nopack\node_modules\egg-core\lib\loader\mixin\controller.js:87:20)
    at Object.callFn (D:\其他电脑\code\mylogin-nopack\node_modules\@eggjs\router\lib\utils.js:12:21)
    at wrappedController (D:\其他电脑\code\mylogin-nopack\node_modules\@eggjs\router\lib\egg_router.js:322:18)
    at dispatch (D:\其他电脑\code\mylogin-nopack\node_modules\koa-compose\index.js:44:32)
    at next (D:\其他电脑\code\mylogin-nopack\node_modules\koa-compose\index.js:45:18)
    at D:\其他电脑\code\mylogin-nopack\node_modules\@eggjs\router\lib\router.js:186:18
    at dispatch (D:\其他电脑\code\mylogin-nopack\node_modules\koa-compose\index.js:44:32)

pid: 15736
hostname: DESKTOP-I6I98Q9

2022-08-22 15:45:32,185 ERROR 15736 [-/10.86.5.57/-/1ms POST /cyclone/v1/get/remainUseTime] nodejs.TypeError: this.CycMobileLicenseDAO.selectByAppLicese is not a function
    at AppLicenseService.getRemainUseTime (D:\其他电脑\code\mylogin-nopack\app\service\appLicense.js:83:48)
    at AppLicenseController.getRemainUseTime (D:\其他电脑\code\mylogin-nopack\app\controller\appLicense.js:82:46)
    at Object.callFn (D:\其他电脑\code\mylogin-nopack\node_modules\egg-core\lib\utils\index.js:44:21)
    at Object.classControllerMiddleware (D:\其他电脑\code\mylogin-nopack\node_modules\egg-core\lib\loader\mixin\controller.js:87:20)
    at Object.callFn (D:\其他电脑\code\mylogin-nopack\node_modules\@eggjs\router\lib\utils.js:12:21)
    at wrappedController (D:\其他电脑\code\mylogin-nopack\node_modules\@eggjs\router\lib\egg_router.js:322:18)
    at dispatch (D:\其他电脑\code\mylogin-nopack\node_modules\koa-compose\index.js:44:32)
    at next (D:\其他电脑\code\mylogin-nopack\node_modules\koa-compose\index.js:45:18)
    at D:\其他电脑\code\mylogin-nopack\node_modules\@eggjs\router\lib\router.js:186:18
    at dispatch (D:\其他电脑\code\mylogin-nopack\node_modules\koa-compose\index.js:44:32)

pid: 15736
hostname: DESKTOP-I6I98Q9

2022-08-22 15:45:32,206 ERROR 15736 [-/10.86.5.57/-/2ms POST /cyclone/v1/get/remainUseTime] nodejs.TypeError: this.CycMobileLicenseDAO.selectByAppLicese is not a function
    at AppLicenseService.getRemainUseTime (D:\其他电脑\code\mylogin-nopack\app\service\appLicense.js:83:48)
    at AppLicenseController.getRemainUseTime (D:\其他电脑\code\mylogin-nopack\app\controller\appLicense.js:82:46)
    at Object.callFn (D:\其他电脑\code\mylogin-nopack\node_modules\egg-core\lib\utils\index.js:44:21)
    at Object.classControllerMiddleware (D:\其他电脑\code\mylogin-nopack\node_modules\egg-core\lib\loader\mixin\controller.js:87:20)
    at Object.callFn (D:\其他电脑\code\mylogin-nopack\node_modules\@eggjs\router\lib\utils.js:12:21)
    at wrappedController (D:\其他电脑\code\mylogin-nopack\node_modules\@eggjs\router\lib\egg_router.js:322:18)
    at dispatch (D:\其他电脑\code\mylogin-nopack\node_modules\koa-compose\index.js:44:32)
    at next (D:\其他电脑\code\mylogin-nopack\node_modules\koa-compose\index.js:45:18)
    at D:\其他电脑\code\mylogin-nopack\node_modules\@eggjs\router\lib\router.js:186:18
    at dispatch (D:\其他电脑\code\mylogin-nopack\node_modules\koa-compose\index.js:44:32)

pid: 15736
hostname: DESKTOP-I6I98Q9

2022-08-22 15:45:32,229 ERROR 15736 [-/10.86.5.57/-/2ms POST /cyclone/v1/get/remainUseTime] nodejs.TypeError: this.CycMobileLicenseDAO.selectByAppLicese is not a function
    at AppLicenseService.getRemainUseTime (D:\其他电脑\code\mylogin-nopack\app\service\appLicense.js:83:48)
    at AppLicenseController.getRemainUseTime (D:\其他电脑\code\mylogin-nopack\app\controller\appLicense.js:82:46)
    at Object.callFn (D:\其他电脑\code\mylogin-nopack\node_modules\egg-core\lib\utils\index.js:44:21)
    at Object.classControllerMiddleware (D:\其他电脑\code\mylogin-nopack\node_modules\egg-core\lib\loader\mixin\controller.js:87:20)
    at Object.callFn (D:\其他电脑\code\mylogin-nopack\node_modules\@eggjs\router\lib\utils.js:12:21)
    at wrappedController (D:\其他电脑\code\mylogin-nopack\node_modules\@eggjs\router\lib\egg_router.js:322:18)
    at dispatch (D:\其他电脑\code\mylogin-nopack\node_modules\koa-compose\index.js:44:32)
    at next (D:\其他电脑\code\mylogin-nopack\node_modules\koa-compose\index.js:45:18)
    at D:\其他电脑\code\mylogin-nopack\node_modules\@eggjs\router\lib\router.js:186:18
    at dispatch (D:\其他电脑\code\mylogin-nopack\node_modules\koa-compose\index.js:44:32)

pid: 15736
hostname: DESKTOP-I6I98Q9

2022-08-22 15:45:40,276 ERROR 15736 [-/10.86.5.57/-/1ms POST /cyclone/v1/get/remainUseTime] nodejs.TypeError: this.CycMobileLicenseDAO.selectByAppLicese is not a function
    at AppLicenseService.getRemainUseTime (D:\其他电脑\code\mylogin-nopack\app\service\appLicense.js:83:48)
    at AppLicenseController.getRemainUseTime (D:\其他电脑\code\mylogin-nopack\app\controller\appLicense.js:82:46)
    at Object.callFn (D:\其他电脑\code\mylogin-nopack\node_modules\egg-core\lib\utils\index.js:44:21)
    at Object.classControllerMiddleware (D:\其他电脑\code\mylogin-nopack\node_modules\egg-core\lib\loader\mixin\controller.js:87:20)
    at Object.callFn (D:\其他电脑\code\mylogin-nopack\node_modules\@eggjs\router\lib\utils.js:12:21)
    at wrappedController (D:\其他电脑\code\mylogin-nopack\node_modules\@eggjs\router\lib\egg_router.js:322:18)
    at dispatch (D:\其他电脑\code\mylogin-nopack\node_modules\koa-compose\index.js:44:32)
    at next (D:\其他电脑\code\mylogin-nopack\node_modules\koa-compose\index.js:45:18)
    at D:\其他电脑\code\mylogin-nopack\node_modules\@eggjs\router\lib\router.js:186:18
    at dispatch (D:\其他电脑\code\mylogin-nopack\node_modules\koa-compose\index.js:44:32)

pid: 15736
hostname: DESKTOP-I6I98Q9

2022-08-22 15:45:40,293 ERROR 15736 [-/10.86.5.57/-/1ms POST /cyclone/v1/get/remainUseTime] nodejs.TypeError: this.CycMobileLicenseDAO.selectByAppLicese is not a function
    at AppLicenseService.getRemainUseTime (D:\其他电脑\code\mylogin-nopack\app\service\appLicense.js:83:48)
    at AppLicenseController.getRemainUseTime (D:\其他电脑\code\mylogin-nopack\app\controller\appLicense.js:82:46)
    at Object.callFn (D:\其他电脑\code\mylogin-nopack\node_modules\egg-core\lib\utils\index.js:44:21)
    at Object.classControllerMiddleware (D:\其他电脑\code\mylogin-nopack\node_modules\egg-core\lib\loader\mixin\controller.js:87:20)
    at Object.callFn (D:\其他电脑\code\mylogin-nopack\node_modules\@eggjs\router\lib\utils.js:12:21)
    at wrappedController (D:\其他电脑\code\mylogin-nopack\node_modules\@eggjs\router\lib\egg_router.js:322:18)
    at dispatch (D:\其他电脑\code\mylogin-nopack\node_modules\koa-compose\index.js:44:32)
    at next (D:\其他电脑\code\mylogin-nopack\node_modules\koa-compose\index.js:45:18)
    at D:\其他电脑\code\mylogin-nopack\node_modules\@eggjs\router\lib\router.js:186:18
    at dispatch (D:\其他电脑\code\mylogin-nopack\node_modules\koa-compose\index.js:44:32)

pid: 15736
hostname: DESKTOP-I6I98Q9

2022-08-22 15:45:40,315 ERROR 15736 [-/10.86.5.57/-/2ms POST /cyclone/v1/get/remainUseTime] nodejs.TypeError: this.CycMobileLicenseDAO.selectByAppLicese is not a function
    at AppLicenseService.getRemainUseTime (D:\其他电脑\code\mylogin-nopack\app\service\appLicense.js:83:48)
    at AppLicenseController.getRemainUseTime (D:\其他电脑\code\mylogin-nopack\app\controller\appLicense.js:82:46)
    at Object.callFn (D:\其他电脑\code\mylogin-nopack\node_modules\egg-core\lib\utils\index.js:44:21)
    at Object.classControllerMiddleware (D:\其他电脑\code\mylogin-nopack\node_modules\egg-core\lib\loader\mixin\controller.js:87:20)
    at Object.callFn (D:\其他电脑\code\mylogin-nopack\node_modules\@eggjs\router\lib\utils.js:12:21)
    at wrappedController (D:\其他电脑\code\mylogin-nopack\node_modules\@eggjs\router\lib\egg_router.js:322:18)
    at dispatch (D:\其他电脑\code\mylogin-nopack\node_modules\koa-compose\index.js:44:32)
    at next (D:\其他电脑\code\mylogin-nopack\node_modules\koa-compose\index.js:45:18)
    at D:\其他电脑\code\mylogin-nopack\node_modules\@eggjs\router\lib\router.js:186:18
    at dispatch (D:\其他电脑\code\mylogin-nopack\node_modules\koa-compose\index.js:44:32)

pid: 15736
hostname: DESKTOP-I6I98Q9

2022-08-22 15:45:40,337 ERROR 15736 [-/10.86.5.57/-/2ms POST /cyclone/v1/get/remainUseTime] nodejs.TypeError: this.CycMobileLicenseDAO.selectByAppLicese is not a function
    at AppLicenseService.getRemainUseTime (D:\其他电脑\code\mylogin-nopack\app\service\appLicense.js:83:48)
    at AppLicenseController.getRemainUseTime (D:\其他电脑\code\mylogin-nopack\app\controller\appLicense.js:82:46)
    at Object.callFn (D:\其他电脑\code\mylogin-nopack\node_modules\egg-core\lib\utils\index.js:44:21)
    at Object.classControllerMiddleware (D:\其他电脑\code\mylogin-nopack\node_modules\egg-core\lib\loader\mixin\controller.js:87:20)
    at Object.callFn (D:\其他电脑\code\mylogin-nopack\node_modules\@eggjs\router\lib\utils.js:12:21)
    at wrappedController (D:\其他电脑\code\mylogin-nopack\node_modules\@eggjs\router\lib\egg_router.js:322:18)
    at dispatch (D:\其他电脑\code\mylogin-nopack\node_modules\koa-compose\index.js:44:32)
    at next (D:\其他电脑\code\mylogin-nopack\node_modules\koa-compose\index.js:45:18)
    at D:\其他电脑\code\mylogin-nopack\node_modules\@eggjs\router\lib\router.js:186:18
    at dispatch (D:\其他电脑\code\mylogin-nopack\node_modules\koa-compose\index.js:44:32)

pid: 15736
hostname: DESKTOP-I6I98Q9

2022-08-22 15:47:37,185 ERROR 15736 [-/10.86.5.57/-/4ms POST /cyclone/v1/get/remainUseTime] nodejs.TypeError: this.CycMobileLicenseDAO.selectByAppLicese is not a function
    at AppLicenseService.getRemainUseTime (D:\其他电脑\code\mylogin-nopack\app\service\appLicense.js:83:48)
    at AppLicenseController.getRemainUseTime (D:\其他电脑\code\mylogin-nopack\app\controller\appLicense.js:82:46)
    at Object.callFn (D:\其他电脑\code\mylogin-nopack\node_modules\egg-core\lib\utils\index.js:44:21)
    at Object.classControllerMiddleware (D:\其他电脑\code\mylogin-nopack\node_modules\egg-core\lib\loader\mixin\controller.js:87:20)
    at Object.callFn (D:\其他电脑\code\mylogin-nopack\node_modules\@eggjs\router\lib\utils.js:12:21)
    at wrappedController (D:\其他电脑\code\mylogin-nopack\node_modules\@eggjs\router\lib\egg_router.js:322:18)
    at dispatch (D:\其他电脑\code\mylogin-nopack\node_modules\koa-compose\index.js:44:32)
    at next (D:\其他电脑\code\mylogin-nopack\node_modules\koa-compose\index.js:45:18)
    at D:\其他电脑\code\mylogin-nopack\node_modules\@eggjs\router\lib\router.js:186:18
    at dispatch (D:\其他电脑\code\mylogin-nopack\node_modules\koa-compose\index.js:44:32)

pid: 15736
hostname: DESKTOP-I6I98Q9

2022-08-22 15:47:37,212 ERROR 15736 [-/10.86.5.57/-/2ms POST /cyclone/v1/get/remainUseTime] nodejs.TypeError: this.CycMobileLicenseDAO.selectByAppLicese is not a function
    at AppLicenseService.getRemainUseTime (D:\其他电脑\code\mylogin-nopack\app\service\appLicense.js:83:48)
    at AppLicenseController.getRemainUseTime (D:\其他电脑\code\mylogin-nopack\app\controller\appLicense.js:82:46)
    at Object.callFn (D:\其他电脑\code\mylogin-nopack\node_modules\egg-core\lib\utils\index.js:44:21)
    at Object.classControllerMiddleware (D:\其他电脑\code\mylogin-nopack\node_modules\egg-core\lib\loader\mixin\controller.js:87:20)
    at Object.callFn (D:\其他电脑\code\mylogin-nopack\node_modules\@eggjs\router\lib\utils.js:12:21)
    at wrappedController (D:\其他电脑\code\mylogin-nopack\node_modules\@eggjs\router\lib\egg_router.js:322:18)
    at dispatch (D:\其他电脑\code\mylogin-nopack\node_modules\koa-compose\index.js:44:32)
    at next (D:\其他电脑\code\mylogin-nopack\node_modules\koa-compose\index.js:45:18)
    at D:\其他电脑\code\mylogin-nopack\node_modules\@eggjs\router\lib\router.js:186:18
    at dispatch (D:\其他电脑\code\mylogin-nopack\node_modules\koa-compose\index.js:44:32)

pid: 15736
hostname: DESKTOP-I6I98Q9

2022-08-22 15:47:37,236 ERROR 15736 [-/10.86.5.57/-/2ms POST /cyclone/v1/get/remainUseTime] nodejs.TypeError: this.CycMobileLicenseDAO.selectByAppLicese is not a function
    at AppLicenseService.getRemainUseTime (D:\其他电脑\code\mylogin-nopack\app\service\appLicense.js:83:48)
    at AppLicenseController.getRemainUseTime (D:\其他电脑\code\mylogin-nopack\app\controller\appLicense.js:82:46)
    at Object.callFn (D:\其他电脑\code\mylogin-nopack\node_modules\egg-core\lib\utils\index.js:44:21)
    at Object.classControllerMiddleware (D:\其他电脑\code\mylogin-nopack\node_modules\egg-core\lib\loader\mixin\controller.js:87:20)
    at Object.callFn (D:\其他电脑\code\mylogin-nopack\node_modules\@eggjs\router\lib\utils.js:12:21)
    at wrappedController (D:\其他电脑\code\mylogin-nopack\node_modules\@eggjs\router\lib\egg_router.js:322:18)
    at dispatch (D:\其他电脑\code\mylogin-nopack\node_modules\koa-compose\index.js:44:32)
    at next (D:\其他电脑\code\mylogin-nopack\node_modules\koa-compose\index.js:45:18)
    at D:\其他电脑\code\mylogin-nopack\node_modules\@eggjs\router\lib\router.js:186:18
    at dispatch (D:\其他电脑\code\mylogin-nopack\node_modules\koa-compose\index.js:44:32)

pid: 15736
hostname: DESKTOP-I6I98Q9

2022-08-22 15:47:37,259 ERROR 15736 [-/10.86.5.57/-/1ms POST /cyclone/v1/get/remainUseTime] nodejs.TypeError: this.CycMobileLicenseDAO.selectByAppLicese is not a function
    at AppLicenseService.getRemainUseTime (D:\其他电脑\code\mylogin-nopack\app\service\appLicense.js:83:48)
    at AppLicenseController.getRemainUseTime (D:\其他电脑\code\mylogin-nopack\app\controller\appLicense.js:82:46)
    at Object.callFn (D:\其他电脑\code\mylogin-nopack\node_modules\egg-core\lib\utils\index.js:44:21)
    at Object.classControllerMiddleware (D:\其他电脑\code\mylogin-nopack\node_modules\egg-core\lib\loader\mixin\controller.js:87:20)
    at Object.callFn (D:\其他电脑\code\mylogin-nopack\node_modules\@eggjs\router\lib\utils.js:12:21)
    at wrappedController (D:\其他电脑\code\mylogin-nopack\node_modules\@eggjs\router\lib\egg_router.js:322:18)
    at dispatch (D:\其他电脑\code\mylogin-nopack\node_modules\koa-compose\index.js:44:32)
    at next (D:\其他电脑\code\mylogin-nopack\node_modules\koa-compose\index.js:45:18)
    at D:\其他电脑\code\mylogin-nopack\node_modules\@eggjs\router\lib\router.js:186:18
    at dispatch (D:\其他电脑\code\mylogin-nopack\node_modules\koa-compose\index.js:44:32)

pid: 15736
hostname: DESKTOP-I6I98Q9

2022-08-22 15:47:50,269 ERROR 15736 [-/10.86.5.57/-/2ms POST /cyclone/v1/get/remainUseTime] nodejs.TypeError: this.CycMobileLicenseDAO.selectByAppLicese is not a function
    at AppLicenseService.getRemainUseTime (D:\其他电脑\code\mylogin-nopack\app\service\appLicense.js:83:48)
    at AppLicenseController.getRemainUseTime (D:\其他电脑\code\mylogin-nopack\app\controller\appLicense.js:82:46)
    at Object.callFn (D:\其他电脑\code\mylogin-nopack\node_modules\egg-core\lib\utils\index.js:44:21)
    at Object.classControllerMiddleware (D:\其他电脑\code\mylogin-nopack\node_modules\egg-core\lib\loader\mixin\controller.js:87:20)
    at Object.callFn (D:\其他电脑\code\mylogin-nopack\node_modules\@eggjs\router\lib\utils.js:12:21)
    at wrappedController (D:\其他电脑\code\mylogin-nopack\node_modules\@eggjs\router\lib\egg_router.js:322:18)
    at dispatch (D:\其他电脑\code\mylogin-nopack\node_modules\koa-compose\index.js:44:32)
    at next (D:\其他电脑\code\mylogin-nopack\node_modules\koa-compose\index.js:45:18)
    at D:\其他电脑\code\mylogin-nopack\node_modules\@eggjs\router\lib\router.js:186:18
    at dispatch (D:\其他电脑\code\mylogin-nopack\node_modules\koa-compose\index.js:44:32)

pid: 15736
hostname: DESKTOP-I6I98Q9

2022-08-22 15:47:50,287 ERROR 15736 [-/10.86.5.57/-/1ms POST /cyclone/v1/get/remainUseTime] nodejs.TypeError: this.CycMobileLicenseDAO.selectByAppLicese is not a function
    at AppLicenseService.getRemainUseTime (D:\其他电脑\code\mylogin-nopack\app\service\appLicense.js:83:48)
    at AppLicenseController.getRemainUseTime (D:\其他电脑\code\mylogin-nopack\app\controller\appLicense.js:82:46)
    at Object.callFn (D:\其他电脑\code\mylogin-nopack\node_modules\egg-core\lib\utils\index.js:44:21)
    at Object.classControllerMiddleware (D:\其他电脑\code\mylogin-nopack\node_modules\egg-core\lib\loader\mixin\controller.js:87:20)
    at Object.callFn (D:\其他电脑\code\mylogin-nopack\node_modules\@eggjs\router\lib\utils.js:12:21)
    at wrappedController (D:\其他电脑\code\mylogin-nopack\node_modules\@eggjs\router\lib\egg_router.js:322:18)
    at dispatch (D:\其他电脑\code\mylogin-nopack\node_modules\koa-compose\index.js:44:32)
    at next (D:\其他电脑\code\mylogin-nopack\node_modules\koa-compose\index.js:45:18)
    at D:\其他电脑\code\mylogin-nopack\node_modules\@eggjs\router\lib\router.js:186:18
    at dispatch (D:\其他电脑\code\mylogin-nopack\node_modules\koa-compose\index.js:44:32)

pid: 15736
hostname: DESKTOP-I6I98Q9

2022-08-22 15:47:50,410 ERROR 15736 [-/10.86.5.57/-/2ms POST /cyclone/v1/get/remainUseTime] nodejs.TypeError: this.CycMobileLicenseDAO.selectByAppLicese is not a function
    at AppLicenseService.getRemainUseTime (D:\其他电脑\code\mylogin-nopack\app\service\appLicense.js:83:48)
    at AppLicenseController.getRemainUseTime (D:\其他电脑\code\mylogin-nopack\app\controller\appLicense.js:82:46)
    at Object.callFn (D:\其他电脑\code\mylogin-nopack\node_modules\egg-core\lib\utils\index.js:44:21)
    at Object.classControllerMiddleware (D:\其他电脑\code\mylogin-nopack\node_modules\egg-core\lib\loader\mixin\controller.js:87:20)
    at Object.callFn (D:\其他电脑\code\mylogin-nopack\node_modules\@eggjs\router\lib\utils.js:12:21)
    at wrappedController (D:\其他电脑\code\mylogin-nopack\node_modules\@eggjs\router\lib\egg_router.js:322:18)
    at dispatch (D:\其他电脑\code\mylogin-nopack\node_modules\koa-compose\index.js:44:32)
    at next (D:\其他电脑\code\mylogin-nopack\node_modules\koa-compose\index.js:45:18)
    at D:\其他电脑\code\mylogin-nopack\node_modules\@eggjs\router\lib\router.js:186:18
    at dispatch (D:\其他电脑\code\mylogin-nopack\node_modules\koa-compose\index.js:44:32)

pid: 15736
hostname: DESKTOP-I6I98Q9

2022-08-22 15:47:50,432 ERROR 15736 [-/10.86.5.57/-/1ms POST /cyclone/v1/get/remainUseTime] nodejs.TypeError: this.CycMobileLicenseDAO.selectByAppLicese is not a function
    at AppLicenseService.getRemainUseTime (D:\其他电脑\code\mylogin-nopack\app\service\appLicense.js:83:48)
    at AppLicenseController.getRemainUseTime (D:\其他电脑\code\mylogin-nopack\app\controller\appLicense.js:82:46)
    at Object.callFn (D:\其他电脑\code\mylogin-nopack\node_modules\egg-core\lib\utils\index.js:44:21)
    at Object.classControllerMiddleware (D:\其他电脑\code\mylogin-nopack\node_modules\egg-core\lib\loader\mixin\controller.js:87:20)
    at Object.callFn (D:\其他电脑\code\mylogin-nopack\node_modules\@eggjs\router\lib\utils.js:12:21)
    at wrappedController (D:\其他电脑\code\mylogin-nopack\node_modules\@eggjs\router\lib\egg_router.js:322:18)
    at dispatch (D:\其他电脑\code\mylogin-nopack\node_modules\koa-compose\index.js:44:32)
    at next (D:\其他电脑\code\mylogin-nopack\node_modules\koa-compose\index.js:45:18)
    at D:\其他电脑\code\mylogin-nopack\node_modules\@eggjs\router\lib\router.js:186:18
    at dispatch (D:\其他电脑\code\mylogin-nopack\node_modules\koa-compose\index.js:44:32)

pid: 15736
hostname: DESKTOP-I6I98Q9

2022-08-22 15:49:35,334 ERROR 15736 [-/10.86.5.57/-/1ms POST /cyclone/v1/get/remainUseTime] nodejs.TypeError: this.CycMobileLicenseDAO.selectByAppLicese is not a function
    at AppLicenseService.getRemainUseTime (D:\其他电脑\code\mylogin-nopack\app\service\appLicense.js:83:48)
    at AppLicenseController.getRemainUseTime (D:\其他电脑\code\mylogin-nopack\app\controller\appLicense.js:82:46)
    at Object.callFn (D:\其他电脑\code\mylogin-nopack\node_modules\egg-core\lib\utils\index.js:44:21)
    at Object.classControllerMiddleware (D:\其他电脑\code\mylogin-nopack\node_modules\egg-core\lib\loader\mixin\controller.js:87:20)
    at Object.callFn (D:\其他电脑\code\mylogin-nopack\node_modules\@eggjs\router\lib\utils.js:12:21)
    at wrappedController (D:\其他电脑\code\mylogin-nopack\node_modules\@eggjs\router\lib\egg_router.js:322:18)
    at dispatch (D:\其他电脑\code\mylogin-nopack\node_modules\koa-compose\index.js:44:32)
    at next (D:\其他电脑\code\mylogin-nopack\node_modules\koa-compose\index.js:45:18)
    at D:\其他电脑\code\mylogin-nopack\node_modules\@eggjs\router\lib\router.js:186:18
    at dispatch (D:\其他电脑\code\mylogin-nopack\node_modules\koa-compose\index.js:44:32)

pid: 15736
hostname: DESKTOP-I6I98Q9

2022-08-22 15:49:35,357 ERROR 15736 [-/10.86.5.57/-/2ms POST /cyclone/v1/get/remainUseTime] nodejs.TypeError: this.CycMobileLicenseDAO.selectByAppLicese is not a function
    at AppLicenseService.getRemainUseTime (D:\其他电脑\code\mylogin-nopack\app\service\appLicense.js:83:48)
    at AppLicenseController.getRemainUseTime (D:\其他电脑\code\mylogin-nopack\app\controller\appLicense.js:82:46)
    at Object.callFn (D:\其他电脑\code\mylogin-nopack\node_modules\egg-core\lib\utils\index.js:44:21)
    at Object.classControllerMiddleware (D:\其他电脑\code\mylogin-nopack\node_modules\egg-core\lib\loader\mixin\controller.js:87:20)
    at Object.callFn (D:\其他电脑\code\mylogin-nopack\node_modules\@eggjs\router\lib\utils.js:12:21)
    at wrappedController (D:\其他电脑\code\mylogin-nopack\node_modules\@eggjs\router\lib\egg_router.js:322:18)
    at dispatch (D:\其他电脑\code\mylogin-nopack\node_modules\koa-compose\index.js:44:32)
    at next (D:\其他电脑\code\mylogin-nopack\node_modules\koa-compose\index.js:45:18)
    at D:\其他电脑\code\mylogin-nopack\node_modules\@eggjs\router\lib\router.js:186:18
    at dispatch (D:\其他电脑\code\mylogin-nopack\node_modules\koa-compose\index.js:44:32)

pid: 15736
hostname: DESKTOP-I6I98Q9

2022-08-22 15:49:35,379 ERROR 15736 [-/10.86.5.57/-/1ms POST /cyclone/v1/get/remainUseTime] nodejs.TypeError: this.CycMobileLicenseDAO.selectByAppLicese is not a function
    at AppLicenseService.getRemainUseTime (D:\其他电脑\code\mylogin-nopack\app\service\appLicense.js:83:48)
    at AppLicenseController.getRemainUseTime (D:\其他电脑\code\mylogin-nopack\app\controller\appLicense.js:82:46)
    at Object.callFn (D:\其他电脑\code\mylogin-nopack\node_modules\egg-core\lib\utils\index.js:44:21)
    at Object.classControllerMiddleware (D:\其他电脑\code\mylogin-nopack\node_modules\egg-core\lib\loader\mixin\controller.js:87:20)
    at Object.callFn (D:\其他电脑\code\mylogin-nopack\node_modules\@eggjs\router\lib\utils.js:12:21)
    at wrappedController (D:\其他电脑\code\mylogin-nopack\node_modules\@eggjs\router\lib\egg_router.js:322:18)
    at dispatch (D:\其他电脑\code\mylogin-nopack\node_modules\koa-compose\index.js:44:32)
    at next (D:\其他电脑\code\mylogin-nopack\node_modules\koa-compose\index.js:45:18)
    at D:\其他电脑\code\mylogin-nopack\node_modules\@eggjs\router\lib\router.js:186:18
    at dispatch (D:\其他电脑\code\mylogin-nopack\node_modules\koa-compose\index.js:44:32)

pid: 15736
hostname: DESKTOP-I6I98Q9

2022-08-22 15:49:35,405 ERROR 15736 [-/10.86.5.57/-/1ms POST /cyclone/v1/get/remainUseTime] nodejs.TypeError: this.CycMobileLicenseDAO.selectByAppLicese is not a function
    at AppLicenseService.getRemainUseTime (D:\其他电脑\code\mylogin-nopack\app\service\appLicense.js:83:48)
    at AppLicenseController.getRemainUseTime (D:\其他电脑\code\mylogin-nopack\app\controller\appLicense.js:82:46)
    at Object.callFn (D:\其他电脑\code\mylogin-nopack\node_modules\egg-core\lib\utils\index.js:44:21)
    at Object.classControllerMiddleware (D:\其他电脑\code\mylogin-nopack\node_modules\egg-core\lib\loader\mixin\controller.js:87:20)
    at Object.callFn (D:\其他电脑\code\mylogin-nopack\node_modules\@eggjs\router\lib\utils.js:12:21)
    at wrappedController (D:\其他电脑\code\mylogin-nopack\node_modules\@eggjs\router\lib\egg_router.js:322:18)
    at dispatch (D:\其他电脑\code\mylogin-nopack\node_modules\koa-compose\index.js:44:32)
    at next (D:\其他电脑\code\mylogin-nopack\node_modules\koa-compose\index.js:45:18)
    at D:\其他电脑\code\mylogin-nopack\node_modules\@eggjs\router\lib\router.js:186:18
    at dispatch (D:\其他电脑\code\mylogin-nopack\node_modules\koa-compose\index.js:44:32)

pid: 15736
hostname: DESKTOP-I6I98Q9

2022-08-22 15:49:37,070 ERROR 15736 [-/10.86.5.57/-/1ms POST /cyclone/v1/get/remainUseTime] nodejs.TypeError: this.CycMobileLicenseDAO.selectByAppLicese is not a function
    at AppLicenseService.getRemainUseTime (D:\其他电脑\code\mylogin-nopack\app\service\appLicense.js:83:48)
    at AppLicenseController.getRemainUseTime (D:\其他电脑\code\mylogin-nopack\app\controller\appLicense.js:82:46)
    at Object.callFn (D:\其他电脑\code\mylogin-nopack\node_modules\egg-core\lib\utils\index.js:44:21)
    at Object.classControllerMiddleware (D:\其他电脑\code\mylogin-nopack\node_modules\egg-core\lib\loader\mixin\controller.js:87:20)
    at Object.callFn (D:\其他电脑\code\mylogin-nopack\node_modules\@eggjs\router\lib\utils.js:12:21)
    at wrappedController (D:\其他电脑\code\mylogin-nopack\node_modules\@eggjs\router\lib\egg_router.js:322:18)
    at dispatch (D:\其他电脑\code\mylogin-nopack\node_modules\koa-compose\index.js:44:32)
    at next (D:\其他电脑\code\mylogin-nopack\node_modules\koa-compose\index.js:45:18)
    at D:\其他电脑\code\mylogin-nopack\node_modules\@eggjs\router\lib\router.js:186:18
    at dispatch (D:\其他电脑\code\mylogin-nopack\node_modules\koa-compose\index.js:44:32)

pid: 15736
hostname: DESKTOP-I6I98Q9

2022-08-22 15:49:37,090 ERROR 15736 [-/10.86.5.57/-/1ms POST /cyclone/v1/get/remainUseTime] nodejs.TypeError: this.CycMobileLicenseDAO.selectByAppLicese is not a function
    at AppLicenseService.getRemainUseTime (D:\其他电脑\code\mylogin-nopack\app\service\appLicense.js:83:48)
    at AppLicenseController.getRemainUseTime (D:\其他电脑\code\mylogin-nopack\app\controller\appLicense.js:82:46)
    at Object.callFn (D:\其他电脑\code\mylogin-nopack\node_modules\egg-core\lib\utils\index.js:44:21)
    at Object.classControllerMiddleware (D:\其他电脑\code\mylogin-nopack\node_modules\egg-core\lib\loader\mixin\controller.js:87:20)
    at Object.callFn (D:\其他电脑\code\mylogin-nopack\node_modules\@eggjs\router\lib\utils.js:12:21)
    at wrappedController (D:\其他电脑\code\mylogin-nopack\node_modules\@eggjs\router\lib\egg_router.js:322:18)
    at dispatch (D:\其他电脑\code\mylogin-nopack\node_modules\koa-compose\index.js:44:32)
    at next (D:\其他电脑\code\mylogin-nopack\node_modules\koa-compose\index.js:45:18)
    at D:\其他电脑\code\mylogin-nopack\node_modules\@eggjs\router\lib\router.js:186:18
    at dispatch (D:\其他电脑\code\mylogin-nopack\node_modules\koa-compose\index.js:44:32)

pid: 15736
hostname: DESKTOP-I6I98Q9

2022-08-22 15:49:37,109 ERROR 15736 [-/10.86.5.57/-/1ms POST /cyclone/v1/get/remainUseTime] nodejs.TypeError: this.CycMobileLicenseDAO.selectByAppLicese is not a function
    at AppLicenseService.getRemainUseTime (D:\其他电脑\code\mylogin-nopack\app\service\appLicense.js:83:48)
    at AppLicenseController.getRemainUseTime (D:\其他电脑\code\mylogin-nopack\app\controller\appLicense.js:82:46)
    at Object.callFn (D:\其他电脑\code\mylogin-nopack\node_modules\egg-core\lib\utils\index.js:44:21)
    at Object.classControllerMiddleware (D:\其他电脑\code\mylogin-nopack\node_modules\egg-core\lib\loader\mixin\controller.js:87:20)
    at Object.callFn (D:\其他电脑\code\mylogin-nopack\node_modules\@eggjs\router\lib\utils.js:12:21)
    at wrappedController (D:\其他电脑\code\mylogin-nopack\node_modules\@eggjs\router\lib\egg_router.js:322:18)
    at dispatch (D:\其他电脑\code\mylogin-nopack\node_modules\koa-compose\index.js:44:32)
    at next (D:\其他电脑\code\mylogin-nopack\node_modules\koa-compose\index.js:45:18)
    at D:\其他电脑\code\mylogin-nopack\node_modules\@eggjs\router\lib\router.js:186:18
    at dispatch (D:\其他电脑\code\mylogin-nopack\node_modules\koa-compose\index.js:44:32)

pid: 15736
hostname: DESKTOP-I6I98Q9

2022-08-22 15:49:37,128 ERROR 15736 [-/10.86.5.57/-/1ms POST /cyclone/v1/get/remainUseTime] nodejs.TypeError: this.CycMobileLicenseDAO.selectByAppLicese is not a function
    at AppLicenseService.getRemainUseTime (D:\其他电脑\code\mylogin-nopack\app\service\appLicense.js:83:48)
    at AppLicenseController.getRemainUseTime (D:\其他电脑\code\mylogin-nopack\app\controller\appLicense.js:82:46)
    at Object.callFn (D:\其他电脑\code\mylogin-nopack\node_modules\egg-core\lib\utils\index.js:44:21)
    at Object.classControllerMiddleware (D:\其他电脑\code\mylogin-nopack\node_modules\egg-core\lib\loader\mixin\controller.js:87:20)
    at Object.callFn (D:\其他电脑\code\mylogin-nopack\node_modules\@eggjs\router\lib\utils.js:12:21)
    at wrappedController (D:\其他电脑\code\mylogin-nopack\node_modules\@eggjs\router\lib\egg_router.js:322:18)
    at dispatch (D:\其他电脑\code\mylogin-nopack\node_modules\koa-compose\index.js:44:32)
    at next (D:\其他电脑\code\mylogin-nopack\node_modules\koa-compose\index.js:45:18)
    at D:\其他电脑\code\mylogin-nopack\node_modules\@eggjs\router\lib\router.js:186:18
    at dispatch (D:\其他电脑\code\mylogin-nopack\node_modules\koa-compose\index.js:44:32)

pid: 15736
hostname: DESKTOP-I6I98Q9

2022-08-22 15:50:30,436 ERROR 15736 [-/10.86.5.57/-/4ms POST /cyclone/v1/get/remainUseTime] nodejs.TypeError: this.CycMobileLicenseDAO.selectByAppLicese is not a function
    at AppLicenseService.getRemainUseTime (D:\其他电脑\code\mylogin-nopack\app\service\appLicense.js:83:48)
    at AppLicenseController.getRemainUseTime (D:\其他电脑\code\mylogin-nopack\app\controller\appLicense.js:82:46)
    at Object.callFn (D:\其他电脑\code\mylogin-nopack\node_modules\egg-core\lib\utils\index.js:44:21)
    at Object.classControllerMiddleware (D:\其他电脑\code\mylogin-nopack\node_modules\egg-core\lib\loader\mixin\controller.js:87:20)
    at Object.callFn (D:\其他电脑\code\mylogin-nopack\node_modules\@eggjs\router\lib\utils.js:12:21)
    at wrappedController (D:\其他电脑\code\mylogin-nopack\node_modules\@eggjs\router\lib\egg_router.js:322:18)
    at dispatch (D:\其他电脑\code\mylogin-nopack\node_modules\koa-compose\index.js:44:32)
    at next (D:\其他电脑\code\mylogin-nopack\node_modules\koa-compose\index.js:45:18)
    at D:\其他电脑\code\mylogin-nopack\node_modules\@eggjs\router\lib\router.js:186:18
    at dispatch (D:\其他电脑\code\mylogin-nopack\node_modules\koa-compose\index.js:44:32)

pid: 15736
hostname: DESKTOP-I6I98Q9

2022-08-22 15:50:30,459 ERROR 15736 [-/10.86.5.57/-/2ms POST /cyclone/v1/get/remainUseTime] nodejs.TypeError: this.CycMobileLicenseDAO.selectByAppLicese is not a function
    at AppLicenseService.getRemainUseTime (D:\其他电脑\code\mylogin-nopack\app\service\appLicense.js:83:48)
    at AppLicenseController.getRemainUseTime (D:\其他电脑\code\mylogin-nopack\app\controller\appLicense.js:82:46)
    at Object.callFn (D:\其他电脑\code\mylogin-nopack\node_modules\egg-core\lib\utils\index.js:44:21)
    at Object.classControllerMiddleware (D:\其他电脑\code\mylogin-nopack\node_modules\egg-core\lib\loader\mixin\controller.js:87:20)
    at Object.callFn (D:\其他电脑\code\mylogin-nopack\node_modules\@eggjs\router\lib\utils.js:12:21)
    at wrappedController (D:\其他电脑\code\mylogin-nopack\node_modules\@eggjs\router\lib\egg_router.js:322:18)
    at dispatch (D:\其他电脑\code\mylogin-nopack\node_modules\koa-compose\index.js:44:32)
    at next (D:\其他电脑\code\mylogin-nopack\node_modules\koa-compose\index.js:45:18)
    at D:\其他电脑\code\mylogin-nopack\node_modules\@eggjs\router\lib\router.js:186:18
    at dispatch (D:\其他电脑\code\mylogin-nopack\node_modules\koa-compose\index.js:44:32)

pid: 15736
hostname: DESKTOP-I6I98Q9

2022-08-22 15:50:30,480 ERROR 15736 [-/10.86.5.57/-/1ms POST /cyclone/v1/get/remainUseTime] nodejs.TypeError: this.CycMobileLicenseDAO.selectByAppLicese is not a function
    at AppLicenseService.getRemainUseTime (D:\其他电脑\code\mylogin-nopack\app\service\appLicense.js:83:48)
    at AppLicenseController.getRemainUseTime (D:\其他电脑\code\mylogin-nopack\app\controller\appLicense.js:82:46)
    at Object.callFn (D:\其他电脑\code\mylogin-nopack\node_modules\egg-core\lib\utils\index.js:44:21)
    at Object.classControllerMiddleware (D:\其他电脑\code\mylogin-nopack\node_modules\egg-core\lib\loader\mixin\controller.js:87:20)
    at Object.callFn (D:\其他电脑\code\mylogin-nopack\node_modules\@eggjs\router\lib\utils.js:12:21)
    at wrappedController (D:\其他电脑\code\mylogin-nopack\node_modules\@eggjs\router\lib\egg_router.js:322:18)
    at dispatch (D:\其他电脑\code\mylogin-nopack\node_modules\koa-compose\index.js:44:32)
    at next (D:\其他电脑\code\mylogin-nopack\node_modules\koa-compose\index.js:45:18)
    at D:\其他电脑\code\mylogin-nopack\node_modules\@eggjs\router\lib\router.js:186:18
    at dispatch (D:\其他电脑\code\mylogin-nopack\node_modules\koa-compose\index.js:44:32)

pid: 15736
hostname: DESKTOP-I6I98Q9

2022-08-22 15:50:30,502 ERROR 15736 [-/10.86.5.57/-/1ms POST /cyclone/v1/get/remainUseTime] nodejs.TypeError: this.CycMobileLicenseDAO.selectByAppLicese is not a function
    at AppLicenseService.getRemainUseTime (D:\其他电脑\code\mylogin-nopack\app\service\appLicense.js:83:48)
    at AppLicenseController.getRemainUseTime (D:\其他电脑\code\mylogin-nopack\app\controller\appLicense.js:82:46)
    at Object.callFn (D:\其他电脑\code\mylogin-nopack\node_modules\egg-core\lib\utils\index.js:44:21)
    at Object.classControllerMiddleware (D:\其他电脑\code\mylogin-nopack\node_modules\egg-core\lib\loader\mixin\controller.js:87:20)
    at Object.callFn (D:\其他电脑\code\mylogin-nopack\node_modules\@eggjs\router\lib\utils.js:12:21)
    at wrappedController (D:\其他电脑\code\mylogin-nopack\node_modules\@eggjs\router\lib\egg_router.js:322:18)
    at dispatch (D:\其他电脑\code\mylogin-nopack\node_modules\koa-compose\index.js:44:32)
    at next (D:\其他电脑\code\mylogin-nopack\node_modules\koa-compose\index.js:45:18)
    at D:\其他电脑\code\mylogin-nopack\node_modules\@eggjs\router\lib\router.js:186:18
    at dispatch (D:\其他电脑\code\mylogin-nopack\node_modules\koa-compose\index.js:44:32)

pid: 15736
hostname: DESKTOP-I6I98Q9

2022-08-22 15:52:28,513 ERROR 15736 [-/10.86.5.57/-/5ms POST /cyclone/v1/get/remainUseTime] nodejs.TypeError: this.CycMobileLicenseDAO.selectByAppLicese is not a function
    at AppLicenseService.getRemainUseTime (D:\其他电脑\code\mylogin-nopack\app\service\appLicense.js:83:48)
    at AppLicenseController.getRemainUseTime (D:\其他电脑\code\mylogin-nopack\app\controller\appLicense.js:82:46)
    at Object.callFn (D:\其他电脑\code\mylogin-nopack\node_modules\egg-core\lib\utils\index.js:44:21)
    at Object.classControllerMiddleware (D:\其他电脑\code\mylogin-nopack\node_modules\egg-core\lib\loader\mixin\controller.js:87:20)
    at Object.callFn (D:\其他电脑\code\mylogin-nopack\node_modules\@eggjs\router\lib\utils.js:12:21)
    at wrappedController (D:\其他电脑\code\mylogin-nopack\node_modules\@eggjs\router\lib\egg_router.js:322:18)
    at dispatch (D:\其他电脑\code\mylogin-nopack\node_modules\koa-compose\index.js:44:32)
    at next (D:\其他电脑\code\mylogin-nopack\node_modules\koa-compose\index.js:45:18)
    at D:\其他电脑\code\mylogin-nopack\node_modules\@eggjs\router\lib\router.js:186:18
    at dispatch (D:\其他电脑\code\mylogin-nopack\node_modules\koa-compose\index.js:44:32)

pid: 15736
hostname: DESKTOP-I6I98Q9

2022-08-22 15:52:28,536 ERROR 15736 [-/10.86.5.57/-/2ms POST /cyclone/v1/get/remainUseTime] nodejs.TypeError: this.CycMobileLicenseDAO.selectByAppLicese is not a function
    at AppLicenseService.getRemainUseTime (D:\其他电脑\code\mylogin-nopack\app\service\appLicense.js:83:48)
    at AppLicenseController.getRemainUseTime (D:\其他电脑\code\mylogin-nopack\app\controller\appLicense.js:82:46)
    at Object.callFn (D:\其他电脑\code\mylogin-nopack\node_modules\egg-core\lib\utils\index.js:44:21)
    at Object.classControllerMiddleware (D:\其他电脑\code\mylogin-nopack\node_modules\egg-core\lib\loader\mixin\controller.js:87:20)
    at Object.callFn (D:\其他电脑\code\mylogin-nopack\node_modules\@eggjs\router\lib\utils.js:12:21)
    at wrappedController (D:\其他电脑\code\mylogin-nopack\node_modules\@eggjs\router\lib\egg_router.js:322:18)
    at dispatch (D:\其他电脑\code\mylogin-nopack\node_modules\koa-compose\index.js:44:32)
    at next (D:\其他电脑\code\mylogin-nopack\node_modules\koa-compose\index.js:45:18)
    at D:\其他电脑\code\mylogin-nopack\node_modules\@eggjs\router\lib\router.js:186:18
    at dispatch (D:\其他电脑\code\mylogin-nopack\node_modules\koa-compose\index.js:44:32)

pid: 15736
hostname: DESKTOP-I6I98Q9

2022-08-22 15:52:28,559 ERROR 15736 [-/10.86.5.57/-/1ms POST /cyclone/v1/get/remainUseTime] nodejs.TypeError: this.CycMobileLicenseDAO.selectByAppLicese is not a function
    at AppLicenseService.getRemainUseTime (D:\其他电脑\code\mylogin-nopack\app\service\appLicense.js:83:48)
    at AppLicenseController.getRemainUseTime (D:\其他电脑\code\mylogin-nopack\app\controller\appLicense.js:82:46)
    at Object.callFn (D:\其他电脑\code\mylogin-nopack\node_modules\egg-core\lib\utils\index.js:44:21)
    at Object.classControllerMiddleware (D:\其他电脑\code\mylogin-nopack\node_modules\egg-core\lib\loader\mixin\controller.js:87:20)
    at Object.callFn (D:\其他电脑\code\mylogin-nopack\node_modules\@eggjs\router\lib\utils.js:12:21)
    at wrappedController (D:\其他电脑\code\mylogin-nopack\node_modules\@eggjs\router\lib\egg_router.js:322:18)
    at dispatch (D:\其他电脑\code\mylogin-nopack\node_modules\koa-compose\index.js:44:32)
    at next (D:\其他电脑\code\mylogin-nopack\node_modules\koa-compose\index.js:45:18)
    at D:\其他电脑\code\mylogin-nopack\node_modules\@eggjs\router\lib\router.js:186:18
    at dispatch (D:\其他电脑\code\mylogin-nopack\node_modules\koa-compose\index.js:44:32)

pid: 15736
hostname: DESKTOP-I6I98Q9

2022-08-22 15:52:28,587 ERROR 15736 [-/10.86.5.57/-/3ms POST /cyclone/v1/get/remainUseTime] nodejs.TypeError: this.CycMobileLicenseDAO.selectByAppLicese is not a function
    at AppLicenseService.getRemainUseTime (D:\其他电脑\code\mylogin-nopack\app\service\appLicense.js:83:48)
    at AppLicenseController.getRemainUseTime (D:\其他电脑\code\mylogin-nopack\app\controller\appLicense.js:82:46)
    at Object.callFn (D:\其他电脑\code\mylogin-nopack\node_modules\egg-core\lib\utils\index.js:44:21)
    at Object.classControllerMiddleware (D:\其他电脑\code\mylogin-nopack\node_modules\egg-core\lib\loader\mixin\controller.js:87:20)
    at Object.callFn (D:\其他电脑\code\mylogin-nopack\node_modules\@eggjs\router\lib\utils.js:12:21)
    at wrappedController (D:\其他电脑\code\mylogin-nopack\node_modules\@eggjs\router\lib\egg_router.js:322:18)
    at dispatch (D:\其他电脑\code\mylogin-nopack\node_modules\koa-compose\index.js:44:32)
    at next (D:\其他电脑\code\mylogin-nopack\node_modules\koa-compose\index.js:45:18)
    at D:\其他电脑\code\mylogin-nopack\node_modules\@eggjs\router\lib\router.js:186:18
    at dispatch (D:\其他电脑\code\mylogin-nopack\node_modules\koa-compose\index.js:44:32)

pid: 15736
hostname: DESKTOP-I6I98Q9

2022-08-22 15:52:32,773 ERROR 15736 [-/10.86.5.57/-/6ms POST /cyclone/v1/get/remainUseTime] nodejs.TypeError: this.CycMobileLicenseDAO.selectByAppLicese is not a function
    at AppLicenseService.getRemainUseTime (D:\其他电脑\code\mylogin-nopack\app\service\appLicense.js:83:48)
    at AppLicenseController.getRemainUseTime (D:\其他电脑\code\mylogin-nopack\app\controller\appLicense.js:82:46)
    at Object.callFn (D:\其他电脑\code\mylogin-nopack\node_modules\egg-core\lib\utils\index.js:44:21)
    at Object.classControllerMiddleware (D:\其他电脑\code\mylogin-nopack\node_modules\egg-core\lib\loader\mixin\controller.js:87:20)
    at Object.callFn (D:\其他电脑\code\mylogin-nopack\node_modules\@eggjs\router\lib\utils.js:12:21)
    at wrappedController (D:\其他电脑\code\mylogin-nopack\node_modules\@eggjs\router\lib\egg_router.js:322:18)
    at dispatch (D:\其他电脑\code\mylogin-nopack\node_modules\koa-compose\index.js:44:32)
    at next (D:\其他电脑\code\mylogin-nopack\node_modules\koa-compose\index.js:45:18)
    at D:\其他电脑\code\mylogin-nopack\node_modules\@eggjs\router\lib\router.js:186:18
    at dispatch (D:\其他电脑\code\mylogin-nopack\node_modules\koa-compose\index.js:44:32)

pid: 15736
hostname: DESKTOP-I6I98Q9

2022-08-22 15:52:32,795 ERROR 15736 [-/10.86.5.57/-/2ms POST /cyclone/v1/get/remainUseTime] nodejs.TypeError: this.CycMobileLicenseDAO.selectByAppLicese is not a function
    at AppLicenseService.getRemainUseTime (D:\其他电脑\code\mylogin-nopack\app\service\appLicense.js:83:48)
    at AppLicenseController.getRemainUseTime (D:\其他电脑\code\mylogin-nopack\app\controller\appLicense.js:82:46)
    at Object.callFn (D:\其他电脑\code\mylogin-nopack\node_modules\egg-core\lib\utils\index.js:44:21)
    at Object.classControllerMiddleware (D:\其他电脑\code\mylogin-nopack\node_modules\egg-core\lib\loader\mixin\controller.js:87:20)
    at Object.callFn (D:\其他电脑\code\mylogin-nopack\node_modules\@eggjs\router\lib\utils.js:12:21)
    at wrappedController (D:\其他电脑\code\mylogin-nopack\node_modules\@eggjs\router\lib\egg_router.js:322:18)
    at dispatch (D:\其他电脑\code\mylogin-nopack\node_modules\koa-compose\index.js:44:32)
    at next (D:\其他电脑\code\mylogin-nopack\node_modules\koa-compose\index.js:45:18)
    at D:\其他电脑\code\mylogin-nopack\node_modules\@eggjs\router\lib\router.js:186:18
    at dispatch (D:\其他电脑\code\mylogin-nopack\node_modules\koa-compose\index.js:44:32)

pid: 15736
hostname: DESKTOP-I6I98Q9

2022-08-22 15:52:32,814 ERROR 15736 [-/10.86.5.57/-/1ms POST /cyclone/v1/get/remainUseTime] nodejs.TypeError: this.CycMobileLicenseDAO.selectByAppLicese is not a function
    at AppLicenseService.getRemainUseTime (D:\其他电脑\code\mylogin-nopack\app\service\appLicense.js:83:48)
    at AppLicenseController.getRemainUseTime (D:\其他电脑\code\mylogin-nopack\app\controller\appLicense.js:82:46)
    at Object.callFn (D:\其他电脑\code\mylogin-nopack\node_modules\egg-core\lib\utils\index.js:44:21)
    at Object.classControllerMiddleware (D:\其他电脑\code\mylogin-nopack\node_modules\egg-core\lib\loader\mixin\controller.js:87:20)
    at Object.callFn (D:\其他电脑\code\mylogin-nopack\node_modules\@eggjs\router\lib\utils.js:12:21)
    at wrappedController (D:\其他电脑\code\mylogin-nopack\node_modules\@eggjs\router\lib\egg_router.js:322:18)
    at dispatch (D:\其他电脑\code\mylogin-nopack\node_modules\koa-compose\index.js:44:32)
    at next (D:\其他电脑\code\mylogin-nopack\node_modules\koa-compose\index.js:45:18)
    at D:\其他电脑\code\mylogin-nopack\node_modules\@eggjs\router\lib\router.js:186:18
    at dispatch (D:\其他电脑\code\mylogin-nopack\node_modules\koa-compose\index.js:44:32)

pid: 15736
hostname: DESKTOP-I6I98Q9

2022-08-22 15:52:32,836 ERROR 15736 [-/10.86.5.57/-/2ms POST /cyclone/v1/get/remainUseTime] nodejs.TypeError: this.CycMobileLicenseDAO.selectByAppLicese is not a function
    at AppLicenseService.getRemainUseTime (D:\其他电脑\code\mylogin-nopack\app\service\appLicense.js:83:48)
    at AppLicenseController.getRemainUseTime (D:\其他电脑\code\mylogin-nopack\app\controller\appLicense.js:82:46)
    at Object.callFn (D:\其他电脑\code\mylogin-nopack\node_modules\egg-core\lib\utils\index.js:44:21)
    at Object.classControllerMiddleware (D:\其他电脑\code\mylogin-nopack\node_modules\egg-core\lib\loader\mixin\controller.js:87:20)
    at Object.callFn (D:\其他电脑\code\mylogin-nopack\node_modules\@eggjs\router\lib\utils.js:12:21)
    at wrappedController (D:\其他电脑\code\mylogin-nopack\node_modules\@eggjs\router\lib\egg_router.js:322:18)
    at dispatch (D:\其他电脑\code\mylogin-nopack\node_modules\koa-compose\index.js:44:32)
    at next (D:\其他电脑\code\mylogin-nopack\node_modules\koa-compose\index.js:45:18)
    at D:\其他电脑\code\mylogin-nopack\node_modules\@eggjs\router\lib\router.js:186:18
    at dispatch (D:\其他电脑\code\mylogin-nopack\node_modules\koa-compose\index.js:44:32)

pid: 15736
hostname: DESKTOP-I6I98Q9

2022-08-22 17:16:54,434 ERROR 7664 [-/10.86.9.149/-/16ms POST /cyclone/v1/update/TotalUseTime] nodejs.ER_BAD_FIELD_ERRORError: ER_BAD_FIELD_ERROR: Unknown column 'totalNewUseTime' in 'field list'
    at Query.Sequence._packetToError (D:\其他电脑\code\mylogin-nopack\node_modules\mysql\lib\protocol\sequences\Sequence.js:47:14)
    at Query.ErrorPacket (D:\其他电脑\code\mylogin-nopack\node_modules\mysql\lib\protocol\sequences\Query.js:79:18)
    at Protocol._parsePacket (D:\其他电脑\code\mylogin-nopack\node_modules\mysql\lib\protocol\Protocol.js:291:23)
    at Parser._parsePacket (D:\其他电脑\code\mylogin-nopack\node_modules\mysql\lib\protocol\Parser.js:433:10)
    at Parser.write (D:\其他电脑\code\mylogin-nopack\node_modules\mysql\lib\protocol\Parser.js:43:10)
    at Protocol.write (D:\其他电脑\code\mylogin-nopack\node_modules\mysql\lib\protocol\Protocol.js:38:16)
    at Socket.<anonymous> (D:\其他电脑\code\mylogin-nopack\node_modules\mysql\lib\Connection.js:88:28)
    at Socket.<anonymous> (D:\其他电脑\code\mylogin-nopack\node_modules\mysql\lib\Connection.js:526:10)
    at Socket.emit (node:events:527:28)
    at addChunk (node:internal/streams/readable:315:12)
    --------------------
    at Pool.query (D:\其他电脑\code\mylogin-nopack\node_modules\mysql\lib\Pool.js:199:23)
    at D:\其他电脑\code\mylogin-nopack\node_modules\pify\index.js:29:7
    at new Promise (<anonymous>)
    at Pool.<anonymous> (D:\其他电脑\code\mylogin-nopack\node_modules\pify\index.js:12:10)
    at Pool.ret [as query] (D:\其他电脑\code\mylogin-nopack\node_modules\pify\index.js:56:34)
    at RDSClient.proto._query (D:\其他电脑\code\mylogin-nopack\node_modules\ali-rds\lib\client.js:38:20)
    at RDSClient.proto.query (D:\其他电脑\code\mylogin-nopack\node_modules\ali-rds\lib\operator.js:54:29)
    at proto.query.next (<anonymous>)
    at onFulfilled (D:\其他电脑\code\mylogin-nopack\node_modules\co\index.js:65:19)
    at D:\其他电脑\code\mylogin-nopack\node_modules\co\index.js:54:5
    sql: UPDATE `cyc_mobile_license` SET `totalNewUseTime` = 1, `id` = 15 WHERE `id` = 15
code: "ER_BAD_FIELD_ERROR"
errno: 1054
sqlMessage: "Unknown column 'totalNewUseTime' in 'field list'"
sqlState: "42S22"
index: 0
sql: "UPDATE `cyc_mobile_license` SET `totalNewUseTime` = 1, `id` = 15 WHERE `id` = 15"
headers: {"Access-Control-Allow-Origin":"*","vary":"Origin"}
name: "ER_BAD_FIELD_ERRORError"
pid: 7664
hostname: DESKTOP-I6I98Q9

2022-08-22 17:17:42,894 ERROR 13308 [-/10.86.9.149/-/4989ms POST /cyclone/v1/update/TotalUseTime] nodejs.ReferenceError: res is not defined
    at AppLicenseService.updateTotalUseTime (D:\其他电脑\code\mylogin-nopack\app\service\appLicense.js:100:5)
    at processTicksAndRejections (node:internal/process/task_queues:96:5)
    at async AppLicenseController.updateTotalUseTime (D:\其他电脑\code\mylogin-nopack\app\controller\appLicense.js:115:17)
    at async swaggerUI (D:\其他电脑\code\mylogin-nopack\node_modules\egg-swagger-jsdoc\app\middleware\swagger.js:20:5)
    at async D:\其他电脑\code\mylogin-nopack\node_modules\egg-development\app\middleware\egg_loader_trace.js:9:50
    at async xssProtection (D:\其他电脑\code\mylogin-nopack\node_modules\egg-security\lib\middlewares\xssProtection.js:7:5)
    at async nosniff (D:\其他电脑\code\mylogin-nopack\node_modules\egg-security\lib\middlewares\nosniff.js:8:5)
    at async noopen (D:\其他电脑\code\mylogin-nopack\node_modules\egg-security\lib\middlewares\noopen.js:8:5)
    at async session (D:\其他电脑\code\mylogin-nopack\node_modules\koa-session\index.js:41:7)
    at async bodyParser (D:\其他电脑\code\mylogin-nopack\node_modules\koa-bodyparser\index.js:95:5)
headers: {"Access-Control-Allow-Origin":"*","vary":"Origin"}
pid: 13308
hostname: DESKTOP-I6I98Q9

